Running...
[Login] -> Start
[Read Old Save Data] -> Start
[Read Old Save Data] -> File Read Good =)
[Login] -> Complete
[List Courses] -> Start
/load_test_course12
[List Courses] -> Complete, Total: 74
[Parse] -> URL: https://rb.sberbank-school.ru/jsapi/backend/courses/734/migrations
[Parse] -> URL: https://rb.sberbank-school.ru/jsapi/backend/courses/424/migrations
[Parse] -> URL: https://rb.sberbank-school.ru/jsapi/backend/courses/562/migrations
[Parse] -> URL: https://rb.sberbank-school.ru/jsapi/backend/courses/9/migrations
[Parse] -> URL: https://rb.sberbank-school.ru/jsapi/backend/courses/262/migrations
[Parse] -> URL: https://rb.sberbank-school.ru/jsapi/backend/courses/693/migrations
[Parse] -> URL: https://rb.sberbank-school.ru/jsapi/backend/courses/6/migrations
[Parse] -> URL: https://rb.sberbank-school.ru/jsapi/backend/courses/308/migrations
[Parse] -> URL: https://rb.sberbank-school.ru/jsapi/backend/courses/282/migrations
[Parse] -> URL: https://rb.sberbank-school.ru/jsapi/backend/courses/233/migrations
[Parse] -> URL: https://rb.sberbank-school.ru/jsapi/backend/courses/692/migrations
[Parse] -> URL: https://rb.sberbank-school.ru/jsapi/backend/courses/303/migrations
[Parse] -> URL: https://rb.sberbank-school.ru/jsapi/backend/courses/324/migrations
[Parse] -> URL: https://rb.sberbank-school.ru/jsapi/backend/courses/289/migrations
[Parse] -> URL: https://rb.sberbank-school.ru/jsapi/backend/courses/171/migrations
[Parse] -> URL: https://rb.sberbank-school.ru/jsapi/backend/courses/200/migrations
[Parse] -> URL: https://rb.sberbank-school.ru/jsapi/backend/courses/14/migrations
[Parse] -> URL: https://rb.sberbank-school.ru/jsapi/backend/courses/325/migrations
[Parse] -> URL: https://rb.sberbank-school.ru/jsapi/backend/courses/598/migrations
[Parse] -> URL: https://rb.sberbank-school.ru/jsapi/backend/courses/219/migrations
[Parse] -> URL: https://rb.sberbank-school.ru/jsapi/backend/courses/182/migrations
[Parse] -> URL: https://rb.sberbank-school.ru/jsapi/backend/courses/166/migrations
[Parse] -> URL: https://rb.sberbank-school.ru/jsapi/backend/courses/330/migrations
[Parse] -> URL: https://rb.sberbank-school.ru/jsapi/backend/courses/401/migrations
[Parse] -> URL: https://rb.sberbank-school.ru/jsapi/backend/courses/319/migrations
[Parse] -> URL: https://rb.sberbank-school.ru/jsapi/backend/courses/254/migrations
[Parse] -> URL: https://rb.sberbank-school.ru/jsapi/backend/courses/297/migrations
[Parse] -> URL: https://rb.sberbank-school.ru/jsapi/backend/courses/397/migrations
[Parse] -> URL: https://rb.sberbank-school.ru/jsapi/backend/courses/180/migrations
[Parse] -> URL: https://rb.sberbank-school.ru/jsapi/backend/courses/208/migrations
[Parse] -> URL: https://rb.sberbank-school.ru/jsapi/backend/courses/16/migrations
[Parse] -> URL: https://rb.sberbank-school.ru/jsapi/backend/courses/253/migrations
[Parse] -> URL: https://rb.sberbank-school.ru/jsapi/backend/courses/12/migrations
[Parse] -> URL: https://rb.sberbank-school.ru/jsapi/backend/courses/1/migrations
[Parse] -> URL: https://rb.sberbank-school.ru/jsapi/backend/courses/4/migrations
[Parse] -> URL: https://rb.sberbank-school.ru/jsapi/backend/courses/316/migrations
[Parse] -> URL: https://rb.sberbank-school.ru/jsapi/backend/courses/10/migrations
[Parse] -> URL: https://rb.sberbank-school.ru/jsapi/backend/courses/258/migrations
[Parse] -> URL: https://rb.sberbank-school.ru/jsapi/backend/courses/260/migrations
[Parse] -> URL: https://rb.sberbank-school.ru/jsapi/backend/courses/203/migrations
[Parse] -> URL: https://rb.sberbank-school.ru/jsapi/backend/courses/499/migrations
[Parse] -> URL: https://rb.sberbank-school.ru/jsapi/backend/courses/311/migrations
[Parse] -> URL: https://rb.sberbank-school.ru/jsapi/backend/courses/383/migrations
[Parse] -> URL: https://rb.sberbank-school.ru/jsapi/backend/courses/332/migrations
[Parse] -> URL: https://rb.sberbank-school.ru/jsapi/backend/courses/8/migrations
[Parse] -> URL: https://rb.sberbank-school.ru/jsapi/backend/courses/368/migrations
[Parse] -> URL: https://rb.sberbank-school.ru/jsapi/backend/courses/300/migrations
[Parse] -> URL: https://rb.sberbank-school.ru/jsapi/backend/courses/255/migrations
[Parse] -> URL: https://rb.sberbank-school.ru/jsapi/backend/courses/299/migrations
[Parse] -> URL: https://rb.sberbank-school.ru/jsapi/backend/courses/256/migrations
[Parse] -> URL: https://rb.sberbank-school.ru/jsapi/backend/courses/185/migrations
[Parse] -> URL: https://rb.sberbank-school.ru/jsapi/backend/courses/184/migrations
[Parse] -> URL: https://rb.sberbank-school.ru/jsapi/backend/courses/186/migrations
[Parse] -> URL: https://rb.sberbank-school.ru/jsapi/backend/courses/263/migrations
[Parse] -> URL: https://rb.sberbank-school.ru/jsapi/backend/courses/189/migrations
[Parse] -> URL: https://rb.sberbank-school.ru/jsapi/backend/courses/306/migrations
[Parse] -> URL: https://rb.sberbank-school.ru/jsapi/backend/courses/874/migrations
[Parse] -> URL: https://rb.sberbank-school.ru/jsapi/backend/courses/169/migrations
[Parse] -> URL: https://rb.sberbank-school.ru/jsapi/backend/courses/257/migrations
[Parse] -> URL: https://rb.sberbank-school.ru/jsapi/backend/courses/390/migrations
[Parse] -> URL: https://rb.sberbank-school.ru/jsapi/backend/courses/305/migrations
[Parse] -> URL: https://rb.sberbank-school.ru/jsapi/backend/courses/181/migrations
[Parse] -> URL: https://rb.sberbank-school.ru/jsapi/backend/courses/742/migrations
[Parse] -> URL: https://rb.sberbank-school.ru/jsapi/backend/courses/363/migrations
[Parse] -> URL: https://rb.sberbank-school.ru/jsapi/backend/courses/685/migrations
[Parse] -> URL: https://rb.sberbank-school.ru/jsapi/backend/courses/317/migrations
[Parse] -> URL: https://rb.sberbank-school.ru/jsapi/backend/courses/207/migrations
[Parse] -> URL: https://rb.sberbank-school.ru/jsapi/backend/courses/298/migrations
[Parse] -> URL: https://rb.sberbank-school.ru/jsapi/backend/courses/188/migrations
[Parse] -> URL: https://rb.sberbank-school.ru/jsapi/backend/courses/733/migrations
[Parse] -> URL: https://rb.sberbank-school.ru/jsapi/backend/courses/198/migrations
[Parse] -> URL: https://rb.sberbank-school.ru/jsapi/backend/courses/199/migrations
[Parse] -> URL: https://rb.sberbank-school.ru/jsapi/backend/courses/494/migrations
[Parse] -> Done
[Compare] -> Start
[Compare] -> 0) 1: «ЯЛидер 2020» для ЗРВСП  | Old version: undefined
[Compare] -> 0) 2: «ЯЛидер 2020» для ЗРВСП  | New version: undefined
[Compare] -> 1) 1: «ЯЛидер 2020» для РВСП  | Old version: 2487
[Compare] -> 1) 2: «ЯЛидер 2020» для РВСП  | New version: 2487
[Compare] -> 2) 1: [test-course] Tests for statements load  | Old version: undefined
[Compare] -> 2) 2: [test-course] Tests for statements load  | New version: undefined
[Compare] -> 3) 1: [test-course] Tests for statements load v2  | Old version: undefined
[Compare] -> 3) 2: [test-course] Tests for statements load v2  | New version: undefined
[Compare] -> 4) 1: Банковская академия  | Old version: 2416
[Compare] -> 4) 2: Банковская академия  | New version: 2416
[Compare] -> 5) 1: Бирюзовая лига  | Old version: 1993
[Compare] -> 5) 2: Бирюзовая лига  | New version: 1993
[Compare] -> 6) 1: Бирюзовая лига (мини-игры)  | Old version: 2053
[Compare] -> 6) 2: Бирюзовая лига (мини-игры)  | New version: 2053
[Compare] -> 7) 1: Вводный курс для Консультанта  | Old version: 625
[Compare] -> 7) 2: Вводный курс для Консультанта  | New version: 625
[Compare] -> 8) 1: Вводный курс для Консультанта  | Old version: 2620
[Compare] -> 8) 2: Вводный курс для Консультанта  | New version: 2620
[Compare] -> 9) 1: Вводный курс для Консультанта (Тестовый)  | Old version: 406
[Compare] -> 9) 2: Вводный курс для Консультанта (Тестовый)  | New version: 406
[Compare] -> 10) 1: Виды обучающего материала  | Old version: 328
[Compare] -> 10) 2: Виды обучающего материала  | New version: 328
[Compare] -> 11) 1: Возьми стресс под контроль!  | Old version: 2687
[Compare] -> 11) 2: Возьми стресс под контроль!  | New version: 2687
[Compare] -> 12) 1: Диалоговый тренажер «Стандарты взаимодействия с Клиентом»  | Old version: 705
[Compare] -> 12) 2: Диалоговый тренажер «Стандарты взаимодействия с Клиентом»  | New version: 705
[Compare] -> 13) 1: Диалоговый тренажер «Стандарты взаимодействия с Клиентом»  | Old version: 2428
[Compare] -> 13) 2: Диалоговый тренажер «Стандарты взаимодействия с Клиентом»  | New version: 2428
[Compare] -> 14) 1: ЕРКЦ игры  | Old version: 2662
[Compare] -> 14) 2: ЕРКЦ игры  | New version: 2662
[Compare] -> 15) 1: ЗРВСП Комплексная программа  | Old version: 998
[Compare] -> 15) 2: ЗРВСП Комплексная программа  | New version: 998
[Compare] -> 16) 1: Информирование персонала об угрозе фишинга  | Old version: 169
[Compare] -> 16) 2: Информирование персонала об угрозе фишинга  | New version: 169
[Compare] -> 17) 1: Кадровый резерв Комплексная программа  | Old version: 716
[Compare] -> 17) 2: Кадровый резерв Комплексная программа  | New version: 716
[Compare] -> 18) 1: Кадровый резерв Комплексная программа (Пересборка)  | Old version: 2314
[Compare] -> 18) 2: Кадровый резерв Комплексная программа (Пересборка)  | New version: 2314
[Compare] -> 19) 1: Кибербезопасность  | Old version: 1746
[Compare] -> 19) 2: Кибербезопасность  | New version: 1746
[Compare] -> 20) 1: Клиентский менеджер ММБ  | Old version: 2630
[Compare] -> 20) 2: Клиентский менеджер ММБ  | New version: 2630
[Compare] -> 21) 1: КОММУНИКАЦИИ С КЛИЕНТАМИ: методология тональности письменных коммуникаций для Единой Службы Заботы о Клиентах  | Old version: 1623
[Compare] -> 21) 2: КОММУНИКАЦИИ С КЛИЕНТАМИ: методология тональности письменных коммуникаций для Единой Службы Заботы о Клиентах  | New version: 1623
[Compare] -> 22) 1: Комплексная программа для Консультантов ПФР  | Old version: 1801
[Compare] -> 22) 2: Комплексная программа для Консультантов ПФР  | New version: 1801
[Compare] -> 23) 1: Комплексная программа для СПП  | Old version: 2482
[Compare] -> 23) 2: Комплексная программа для СПП  | New version: 2482
[Compare] -> 24) 1: Комплексная программа обучения КМ Сбербанк Премьер 2.0  | Old version: 2642
[Compare] -> 24) 2: Комплексная программа обучения КМ Сбербанк Премьер 2.0  | New version: 2642
[Compare] -> 25) 1: Комплексная программа обучения МИК v3  | Old version: 2639
[Compare] -> 25) 2: Комплексная программа обучения МИК v3  | New version: 2639
[Compare] -> 26) 1: Комплексная программа обучения МИК. Неделя 1  | Old version: 929
[Compare] -> 26) 2: Комплексная программа обучения МИК. Неделя 1  | New version: 929
[Compare] -> 27) 1: Комплексная программа обучения МИК. Неделя 2  | Old version: 930
[Compare] -> 27) 2: Комплексная программа обучения МИК. Неделя 2  | New version: 930
[Compare] -> 28) 1: Комплексная программа обучения СМО. Модуль 3 2.0  | Old version: 2626
[Compare] -> 28) 2: Комплексная программа обучения СМО. Модуль 3 2.0  | New version: 2626
[Compare] -> 29) 1: Комплексная программа обучения специалистов УРОК ЦЗК  | Old version: 334
[Compare] -> 29) 2: Комплексная программа обучения специалистов УРОК ЦЗК  | New version: 334
[Compare] -> 30) 1: Комплексная программа подготовки менеджера по обслуживанию  | Old version: 2599
[Compare] -> 30) 2: Комплексная программа подготовки менеджера по обслуживанию  | New version: 2599
[Compare] -> 31) 1: Комплексная программа подготовки МИК  | Old version: 1537
[Compare] -> 31) 2: Комплексная программа подготовки МИК  | New version: 1537
[Compare] -> 32) 1: Комплексная программа подготовки МП  | Old version: 609
[Compare] -> 32) 2: Комплексная программа подготовки МП  | New version: 609
[Compare] -> 33) 1: Комплексная программа подготовки сотрудников ЦУРУС ПЦП ЦУСУС  | Old version: 1536
[Compare] -> 33) 2: Комплексная программа подготовки сотрудников ЦУРУС ПЦП ЦУСУС  | New version: 1536
[Compare] -> 34) 1: Комплексная программа подготовки специалистов по прямым продажам  | Old version: 817
[Compare] -> 34) 2: Комплексная программа подготовки специалистов по прямым продажам  | New version: 817
[Compare] -> 35) 1: Комплексная программа подготовки специалистов по прямым продажам  | Old version: 2
[Compare] -> 35) 2: Комплексная программа подготовки специалистов по прямым продажам  | New version: 2
[Compare] -> 36) 1: Комплексная программа руководителей канала Эквайринг  | Old version: 2066
[Compare] -> 36) 2: Комплексная программа руководителей канала Эквайринг  | New version: 2066
[Compare] -> 37) 1: Комплексная программа Сбербанк Премьер  | Old version: 1784
[Compare] -> 37) 2: Комплексная программа Сбербанк Премьер  | New version: 1784
[Compare] -> 38) 1: Комплексная программа СМО Модуль 3  | Old version: 2466
[Compare] -> 38) 2: Комплексная программа СМО Модуль 3  | New version: 2466
[Compare] -> 39) 1: Комплексная программа специалиста ЕРКЦ  | Old version: 2490
[Compare] -> 39) 2: Комплексная программа специалиста ЕРКЦ  | New version: 2490
[Compare] -> 40) 1: Контроль кассовой деятельности  | Old version: 1529
[Compare] -> 40) 2: Контроль кассовой деятельности  | New version: 1529
[Compare] -> 41) 1: Курс бондиана  | Old version: 1547
[Compare] -> 41) 2: Курс бондиана  | New version: 1547
[Compare] -> 42) 1: Курс для клиентских менеджеров ММБ  | Old version: 2647
[Compare] -> 42) 2: Курс для клиентских менеджеров ММБ  | New version: 2647
[Compare] -> 43) 1: Курс для МЗП Ликвидация финансовой безграмотности  | Old version: 1013
[Compare] -> 43) 2: Курс для МЗП Ликвидация финансовой безграмотности  | New version: 1013
[Compare] -> 44) 1: Курс для партнеров ДомКлик  | Old version: 1775
[Compare] -> 44) 2: Курс для партнеров ДомКлик  | New version: 1775
[Compare] -> 45) 1: Курс для сотрудников ЕРКЦ  | Old version: 952
[Compare] -> 45) 2: Курс для сотрудников ЕРКЦ  | New version: 952
[Compare] -> 46) 1: Курс для сотрудников ЕРКЦ по навыку Premier  | Old version: 1541
[Compare] -> 46) 2: Курс для сотрудников ЕРКЦ по навыку Premier  | New version: 1541
[Compare] -> 47) 1: Курс для сотрудников Контактного центра по навыку Block  | Old version: 2451
[Compare] -> 47) 2: Курс для сотрудников Контактного центра по навыку Block  | New version: 2451
[Compare] -> 48) 1: Курс для сотрудников Контактного центра по навыку English  | Old version: 1218
[Compare] -> 48) 2: Курс для сотрудников Контактного центра по навыку English  | New version: 1218
[Compare] -> 49) 1: Курс для сотрудников Контактного центра по навыку Expert  | Old version: 1217
[Compare] -> 49) 2: Курс для сотрудников Контактного центра по навыку Expert  | New version: 1217
[Compare] -> 50) 1: Курс для сотрудников Контактного центра по навыку Help  | Old version: 1214
[Compare] -> 50) 2: Курс для сотрудников Контактного центра по навыку Help  | New version: 1214
[Compare] -> 51) 1: Курс обучения по продуктам УКО для Менеджеров по продажам  | Old version: 1542
[Compare] -> 51) 2: Курс обучения по продуктам УКО для Менеджеров по продажам  | New version: 1542
[Compare] -> 52) 1: Курс-кейс по письменным коммуникациям. Уровень 1  | Old version: 801
[Compare] -> 52) 2: Курс-кейс по письменным коммуникациям. Уровень 1  | New version: 801
[Compare] -> 53) 1: Курс-кейс по письменным коммуникациям. Уровень 2  | Old version: 802
[Compare] -> 53) 2: Курс-кейс по письменным коммуникациям. Уровень 2  | New version: 802
[Compare] -> 54) 1: Мастерская руководителя ЕСЗК. Кадровый резерв  | Old version: 1976
[Compare] -> 54) 2: Мастерская руководителя ЕСЗК. Кадровый резерв  | New version: 1976
[Compare] -> 55) 1: Менеджер по продажам  | Old version: 1543
[Compare] -> 55) 2: Менеджер по продажам  | New version: 1543
[Compare] -> 56) 1: Менеджер по продажам 3.0  | Old version: 2670
[Compare] -> 56) 2: Менеджер по продажам 3.0  | New version: 2670
[Compare] -> 57) 1: Облигации на брокерском счете  | Old version: 2553
[Compare] -> 57) 2: Облигации на брокерском счете  | New version: 2553
[Compare] -> 58) 1: Обучение Консультантов Лин-лабораторий  | Old version: 180
[Compare] -> 58) 2: Обучение Консультантов Лин-лабораторий  | New version: 180
[Compare] -> 59) 1: ОМ Сбербанк первый  | Old version: 1772
[Compare] -> 59) 2: ОМ Сбербанк первый  | New version: 1772
[Compare] -> 60) 1: Основной курс для Видеорелизов  | Old version: 2680
[Compare] -> 60) 2: Основной курс для Видеорелизов  | New version: 2680
[Compare] -> 61) 1: Платежные сервисы ПАО Сбербанка  | Old version: 1204
[Compare] -> 61) 2: Платежные сервисы ПАО Сбербанка  | New version: 1204
[Compare] -> 62) 1: Программа обучения функционалу устройств самообслуживания  | Old version: 182
[Compare] -> 62) 2: Программа обучения функционалу устройств самообслуживания  | New version: 182
[Compare] -> 63) 1: Продукт «Автокредитование»  | Old version: 2217
[Compare] -> 63) 2: Продукт «Автокредитование»  | New version: 2217
[Compare] -> 64) 1: Риск-менеджмент для сотрудников Розничной сети  | Old version: 1544
[Compare] -> 64) 2: Риск-менеджмент для сотрудников Розничной сети  | New version: 1544
[Compare] -> 65) 1: Рынок Банковских Карт  | Old version: 2679
[Compare] -> 65) 2: Рынок Банковских Карт  | New version: 2679
[Compare] -> 66) 1: СБ СОТК  | Old version: 2347
[Compare] -> 66) 2: СБ СОТК  | New version: 2347
[Compare] -> 67) 1: Симулятор для кандидатов на позицию консультанта ВСП  | Old version: 303
[Compare] -> 67) 2: Симулятор для кандидатов на позицию консультанта ВСП  | New version: 303
[Compare] -> 68) 1: Стандарт проведения служебных расследований  | Old version: 954
[Compare] -> 68) 2: Стандарт проведения служебных расследований  | New version: 954
[Compare] -> 69) 1: Тест achievements  | Old version: 94
[Compare] -> 69) 2: Тест achievements  | New version: 94
[Compare] -> 70) 1: Тест Бирюзовая лига (мини-игры)  | Old version: 2146
[Compare] -> 70) 2: Тест Бирюзовая лига (мини-игры)  | New version: 2146
[Compare] -> 71) 1: Тестовый курс e2b_demo_1  | Old version: 160
[Compare] -> 71) 2: Тестовый курс e2b_demo_1  | New version: 160
[Compare] -> 72) 1: Тестовый курс e2b_demo_1  | Old version: 606
[Compare] -> 72) 2: Тестовый курс e2b_demo_1  | New version: 606
[Compare] -> 73) 1: Чат с Клиентом  | Old version: 1879
[Compare] -> 73) 2: Чат с Клиентом  | New version: 1879
[New Courses] -> Courses updated: 0
[Save Data] -> Start
[Save Data] -> Done
No Updates
All Complete
Running...
[Login] -> Start
[Read Old Save Data] -> Start
[Read Old Save Data] -> File Read Good =)
[Login] -> Complete
[List Courses] -> Start
/load_test_course12
[List Courses] -> Complete, Total: 74
[Parse] -> URL: https://rb.sberbank-school.ru/jsapi/backend/courses/734/migrations
[Parse] -> URL: https://rb.sberbank-school.ru/jsapi/backend/courses/424/migrations
[Parse] -> URL: https://rb.sberbank-school.ru/jsapi/backend/courses/562/migrations
[Parse] -> URL: https://rb.sberbank-school.ru/jsapi/backend/courses/9/migrations
[Parse] -> URL: https://rb.sberbank-school.ru/jsapi/backend/courses/262/migrations
[Parse] -> URL: https://rb.sberbank-school.ru/jsapi/backend/courses/693/migrations
[Parse] -> URL: https://rb.sberbank-school.ru/jsapi/backend/courses/6/migrations
[Parse] -> URL: https://rb.sberbank-school.ru/jsapi/backend/courses/308/migrations
[Parse] -> URL: https://rb.sberbank-school.ru/jsapi/backend/courses/282/migrations
[Parse] -> URL: https://rb.sberbank-school.ru/jsapi/backend/courses/233/migrations
[Parse] -> URL: https://rb.sberbank-school.ru/jsapi/backend/courses/692/migrations
[Parse] -> URL: https://rb.sberbank-school.ru/jsapi/backend/courses/303/migrations
[Parse] -> URL: https://rb.sberbank-school.ru/jsapi/backend/courses/324/migrations
[Parse] -> URL: https://rb.sberbank-school.ru/jsapi/backend/courses/289/migrations
[Parse] -> URL: https://rb.sberbank-school.ru/jsapi/backend/courses/171/migrations
[Parse] -> URL: https://rb.sberbank-school.ru/jsapi/backend/courses/200/migrations
[Parse] -> URL: https://rb.sberbank-school.ru/jsapi/backend/courses/14/migrations
[Parse] -> URL: https://rb.sberbank-school.ru/jsapi/backend/courses/325/migrations
[Parse] -> URL: https://rb.sberbank-school.ru/jsapi/backend/courses/598/migrations
[Parse] -> URL: https://rb.sberbank-school.ru/jsapi/backend/courses/219/migrations
[Parse] -> URL: https://rb.sberbank-school.ru/jsapi/backend/courses/182/migrations
[Parse] -> URL: https://rb.sberbank-school.ru/jsapi/backend/courses/166/migrations
[Parse] -> URL: https://rb.sberbank-school.ru/jsapi/backend/courses/330/migrations
[Parse] -> URL: https://rb.sberbank-school.ru/jsapi/backend/courses/401/migrations
[Parse] -> URL: https://rb.sberbank-school.ru/jsapi/backend/courses/319/migrations
[Parse] -> URL: https://rb.sberbank-school.ru/jsapi/backend/courses/254/migrations
[Parse] -> URL: https://rb.sberbank-school.ru/jsapi/backend/courses/297/migrations
[Parse] -> URL: https://rb.sberbank-school.ru/jsapi/backend/courses/397/migrations
[Parse] -> URL: https://rb.sberbank-school.ru/jsapi/backend/courses/180/migrations
[Parse] -> URL: https://rb.sberbank-school.ru/jsapi/backend/courses/208/migrations
[Parse] -> URL: https://rb.sberbank-school.ru/jsapi/backend/courses/16/migrations
[Parse] -> URL: https://rb.sberbank-school.ru/jsapi/backend/courses/253/migrations
[Parse] -> URL: https://rb.sberbank-school.ru/jsapi/backend/courses/12/migrations
[Parse] -> URL: https://rb.sberbank-school.ru/jsapi/backend/courses/1/migrations
[Parse] -> URL: https://rb.sberbank-school.ru/jsapi/backend/courses/4/migrations
[Parse] -> URL: https://rb.sberbank-school.ru/jsapi/backend/courses/316/migrations
[Parse] -> URL: https://rb.sberbank-school.ru/jsapi/backend/courses/10/migrations
[Parse] -> URL: https://rb.sberbank-school.ru/jsapi/backend/courses/258/migrations
[Parse] -> URL: https://rb.sberbank-school.ru/jsapi/backend/courses/260/migrations
[Parse] -> URL: https://rb.sberbank-school.ru/jsapi/backend/courses/203/migrations
[Parse] -> URL: https://rb.sberbank-school.ru/jsapi/backend/courses/499/migrations
[Parse] -> URL: https://rb.sberbank-school.ru/jsapi/backend/courses/311/migrations
[Parse] -> URL: https://rb.sberbank-school.ru/jsapi/backend/courses/383/migrations
[Parse] -> URL: https://rb.sberbank-school.ru/jsapi/backend/courses/332/migrations
[Parse] -> URL: https://rb.sberbank-school.ru/jsapi/backend/courses/8/migrations
[Parse] -> URL: https://rb.sberbank-school.ru/jsapi/backend/courses/368/migrations
[Parse] -> URL: https://rb.sberbank-school.ru/jsapi/backend/courses/300/migrations
[Parse] -> URL: https://rb.sberbank-school.ru/jsapi/backend/courses/255/migrations
[Parse] -> URL: https://rb.sberbank-school.ru/jsapi/backend/courses/299/migrations
[Parse] -> URL: https://rb.sberbank-school.ru/jsapi/backend/courses/256/migrations
[Parse] -> URL: https://rb.sberbank-school.ru/jsapi/backend/courses/185/migrations
[Parse] -> URL: https://rb.sberbank-school.ru/jsapi/backend/courses/184/migrations
[Parse] -> URL: https://rb.sberbank-school.ru/jsapi/backend/courses/186/migrations
[Parse] -> URL: https://rb.sberbank-school.ru/jsapi/backend/courses/263/migrations
[Parse] -> URL: https://rb.sberbank-school.ru/jsapi/backend/courses/189/migrations
[Parse] -> URL: https://rb.sberbank-school.ru/jsapi/backend/courses/306/migrations
[Parse] -> URL: https://rb.sberbank-school.ru/jsapi/backend/courses/874/migrations
[Parse] -> URL: https://rb.sberbank-school.ru/jsapi/backend/courses/169/migrations
[Parse] -> URL: https://rb.sberbank-school.ru/jsapi/backend/courses/257/migrations
[Parse] -> URL: https://rb.sberbank-school.ru/jsapi/backend/courses/390/migrations
[Parse] -> URL: https://rb.sberbank-school.ru/jsapi/backend/courses/305/migrations
[Parse] -> URL: https://rb.sberbank-school.ru/jsapi/backend/courses/181/migrations
[Parse] -> URL: https://rb.sberbank-school.ru/jsapi/backend/courses/742/migrations
[Parse] -> URL: https://rb.sberbank-school.ru/jsapi/backend/courses/363/migrations
[Parse] -> URL: https://rb.sberbank-school.ru/jsapi/backend/courses/685/migrations
[Parse] -> URL: https://rb.sberbank-school.ru/jsapi/backend/courses/317/migrations
[Parse] -> URL: https://rb.sberbank-school.ru/jsapi/backend/courses/207/migrations
[Parse] -> URL: https://rb.sberbank-school.ru/jsapi/backend/courses/298/migrations
[Parse] -> URL: https://rb.sberbank-school.ru/jsapi/backend/courses/188/migrations
[Parse] -> URL: https://rb.sberbank-school.ru/jsapi/backend/courses/733/migrations
[Parse] -> URL: https://rb.sberbank-school.ru/jsapi/backend/courses/198/migrations
[Parse] -> URL: https://rb.sberbank-school.ru/jsapi/backend/courses/199/migrations
[Parse] -> URL: https://rb.sberbank-school.ru/jsapi/backend/courses/494/migrations
[Parse] -> Done
[Compare] -> Start
[Compare] -> 0) 1: «ЯЛидер 2020» для ЗРВСП  | Old version: undefined
[Compare] -> 0) 2: «ЯЛидер 2020» для ЗРВСП  | New version: undefined
[Compare] -> 1) 1: «ЯЛидер 2020» для РВСП  | Old version: 2487
[Compare] -> 1) 2: «ЯЛидер 2020» для РВСП  | New version: 2487
[Compare] -> 2) 1: [test-course] Tests for statements load  | Old version: undefined
[Compare] -> 2) 2: [test-course] Tests for statements load  | New version: undefined
[Compare] -> 3) 1: [test-course] Tests for statements load v2  | Old version: undefined
[Compare] -> 3) 2: [test-course] Tests for statements load v2  | New version: undefined
[Compare] -> 4) 1: Банковская академия  | Old version: 2416
[Compare] -> 4) 2: Банковская академия  | New version: 2416
[Compare] -> 5) 1: Бирюзовая лига  | Old version: 1993
[Compare] -> 5) 2: Бирюзовая лига  | New version: 1993
[Compare] -> 6) 1: Бирюзовая лига (мини-игры)  | Old version: 2053
[Compare] -> 6) 2: Бирюзовая лига (мини-игры)  | New version: 2053
[Compare] -> 7) 1: Вводный курс для Консультанта  | Old version: 625
[Compare] -> 7) 2: Вводный курс для Консультанта  | New version: 625
[Compare] -> 8) 1: Вводный курс для Консультанта  | Old version: 2620
[Compare] -> 8) 2: Вводный курс для Консультанта  | New version: 2620
[Compare] -> 9) 1: Вводный курс для Консультанта (Тестовый)  | Old version: 406
[Compare] -> 9) 2: Вводный курс для Консультанта (Тестовый)  | New version: 406
[Compare] -> 10) 1: Виды обучающего материала  | Old version: 328
[Compare] -> 10) 2: Виды обучающего материала  | New version: 328
[Compare] -> 11) 1: Возьми стресс под контроль!  | Old version: 2687
[Compare] -> 11) 2: Возьми стресс под контроль!  | New version: 2687
[Compare] -> 12) 1: Диалоговый тренажер «Стандарты взаимодействия с Клиентом»  | Old version: 705
[Compare] -> 12) 2: Диалоговый тренажер «Стандарты взаимодействия с Клиентом»  | New version: 705
[Compare] -> 13) 1: Диалоговый тренажер «Стандарты взаимодействия с Клиентом»  | Old version: 2428
[Compare] -> 13) 2: Диалоговый тренажер «Стандарты взаимодействия с Клиентом»  | New version: 2428
[Compare] -> 14) 1: ЕРКЦ игры  | Old version: 2662
[Compare] -> 14) 2: ЕРКЦ игры  | New version: 2662
[Compare] -> 15) 1: ЗРВСП Комплексная программа  | Old version: 998
[Compare] -> 15) 2: ЗРВСП Комплексная программа  | New version: 998
[Compare] -> 16) 1: Информирование персонала об угрозе фишинга  | Old version: 169
[Compare] -> 16) 2: Информирование персонала об угрозе фишинга  | New version: 169
[Compare] -> 17) 1: Кадровый резерв Комплексная программа  | Old version: 716
[Compare] -> 17) 2: Кадровый резерв Комплексная программа  | New version: 716
[Compare] -> 18) 1: Кадровый резерв Комплексная программа (Пересборка)  | Old version: 2314
[Compare] -> 18) 2: Кадровый резерв Комплексная программа (Пересборка)  | New version: 2314
[Compare] -> 19) 1: Кибербезопасность  | Old version: 1746
[Compare] -> 19) 2: Кибербезопасность  | New version: 1746
[Compare] -> 20) 1: Клиентский менеджер ММБ  | Old version: 2630
[Compare] -> 20) 2: Клиентский менеджер ММБ  | New version: 2630
[Compare] -> 21) 1: КОММУНИКАЦИИ С КЛИЕНТАМИ: методология тональности письменных коммуникаций для Единой Службы Заботы о Клиентах  | Old version: 1623
[Compare] -> 21) 2: КОММУНИКАЦИИ С КЛИЕНТАМИ: методология тональности письменных коммуникаций для Единой Службы Заботы о Клиентах  | New version: 1623
[Compare] -> 22) 1: Комплексная программа для Консультантов ПФР  | Old version: 1801
[Compare] -> 22) 2: Комплексная программа для Консультантов ПФР  | New version: 1801
[Compare] -> 23) 1: Комплексная программа для СПП  | Old version: 2482
[Compare] -> 23) 2: Комплексная программа для СПП  | New version: 2482
[Compare] -> 24) 1: Комплексная программа обучения КМ Сбербанк Премьер 2.0  | Old version: 2642
[Compare] -> 24) 2: Комплексная программа обучения КМ Сбербанк Премьер 2.0  | New version: 2642
[Compare] -> 25) 1: Комплексная программа обучения МИК v3  | Old version: 2639
[Compare] -> 25) 2: Комплексная программа обучения МИК v3  | New version: 2639
[Compare] -> 26) 1: Комплексная программа обучения МИК. Неделя 1  | Old version: 929
[Compare] -> 26) 2: Комплексная программа обучения МИК. Неделя 1  | New version: 929
[Compare] -> 27) 1: Комплексная программа обучения МИК. Неделя 2  | Old version: 930
[Compare] -> 27) 2: Комплексная программа обучения МИК. Неделя 2  | New version: 930
[Compare] -> 28) 1: Комплексная программа обучения СМО. Модуль 3 2.0  | Old version: 2626
[Compare] -> 28) 2: Комплексная программа обучения СМО. Модуль 3 2.0  | New version: 2626
[Compare] -> 29) 1: Комплексная программа обучения специалистов УРОК ЦЗК  | Old version: 334
[Compare] -> 29) 2: Комплексная программа обучения специалистов УРОК ЦЗК  | New version: 334
[Compare] -> 30) 1: Комплексная программа подготовки менеджера по обслуживанию  | Old version: 2599
[Compare] -> 30) 2: Комплексная программа подготовки менеджера по обслуживанию  | New version: 2599
[Compare] -> 31) 1: Комплексная программа подготовки МИК  | Old version: 1537
[Compare] -> 31) 2: Комплексная программа подготовки МИК  | New version: 1537
[Compare] -> 32) 1: Комплексная программа подготовки МП  | Old version: 609
[Compare] -> 32) 2: Комплексная программа подготовки МП  | New version: 609
[Compare] -> 33) 1: Комплексная программа подготовки сотрудников ЦУРУС ПЦП ЦУСУС  | Old version: 1536
[Compare] -> 33) 2: Комплексная программа подготовки сотрудников ЦУРУС ПЦП ЦУСУС  | New version: 1536
[Compare] -> 34) 1: Комплексная программа подготовки специалистов по прямым продажам  | Old version: 817
[Compare] -> 34) 2: Комплексная программа подготовки специалистов по прямым продажам  | New version: 817
[Compare] -> 35) 1: Комплексная программа подготовки специалистов по прямым продажам  | Old version: 2
[Compare] -> 35) 2: Комплексная программа подготовки специалистов по прямым продажам  | New version: 2
[Compare] -> 36) 1: Комплексная программа руководителей канала Эквайринг  | Old version: 2066
[Compare] -> 36) 2: Комплексная программа руководителей канала Эквайринг  | New version: 2066
[Compare] -> 37) 1: Комплексная программа Сбербанк Премьер  | Old version: 1784
[Compare] -> 37) 2: Комплексная программа Сбербанк Премьер  | New version: 1784
[Compare] -> 38) 1: Комплексная программа СМО Модуль 3  | Old version: 2466
[Compare] -> 38) 2: Комплексная программа СМО Модуль 3  | New version: 2466
[Compare] -> 39) 1: Комплексная программа специалиста ЕРКЦ  | Old version: 2490
[Compare] -> 39) 2: Комплексная программа специалиста ЕРКЦ  | New version: 2490
[Compare] -> 40) 1: Контроль кассовой деятельности  | Old version: 1529
[Compare] -> 40) 2: Контроль кассовой деятельности  | New version: 1529
[Compare] -> 41) 1: Курс бондиана  | Old version: 1547
[Compare] -> 41) 2: Курс бондиана  | New version: 1547
[Compare] -> 42) 1: Курс для клиентских менеджеров ММБ  | Old version: 2647
[Compare] -> 42) 2: Курс для клиентских менеджеров ММБ  | New version: 2647
[Compare] -> 43) 1: Курс для МЗП Ликвидация финансовой безграмотности  | Old version: 1013
[Compare] -> 43) 2: Курс для МЗП Ликвидация финансовой безграмотности  | New version: 1013
[Compare] -> 44) 1: Курс для партнеров ДомКлик  | Old version: 1775
[Compare] -> 44) 2: Курс для партнеров ДомКлик  | New version: 1775
[Compare] -> 45) 1: Курс для сотрудников ЕРКЦ  | Old version: 952
[Compare] -> 45) 2: Курс для сотрудников ЕРКЦ  | New version: 952
[Compare] -> 46) 1: Курс для сотрудников ЕРКЦ по навыку Premier  | Old version: 1541
[Compare] -> 46) 2: Курс для сотрудников ЕРКЦ по навыку Premier  | New version: 1541
[Compare] -> 47) 1: Курс для сотрудников Контактного центра по навыку Block  | Old version: 2451
[Compare] -> 47) 2: Курс для сотрудников Контактного центра по навыку Block  | New version: 2451
[Compare] -> 48) 1: Курс для сотрудников Контактного центра по навыку English  | Old version: 1218
[Compare] -> 48) 2: Курс для сотрудников Контактного центра по навыку English  | New version: 1218
[Compare] -> 49) 1: Курс для сотрудников Контактного центра по навыку Expert  | Old version: 1217
[Compare] -> 49) 2: Курс для сотрудников Контактного центра по навыку Expert  | New version: 1217
[Compare] -> 50) 1: Курс для сотрудников Контактного центра по навыку Help  | Old version: 1214
[Compare] -> 50) 2: Курс для сотрудников Контактного центра по навыку Help  | New version: 1214
[Compare] -> 51) 1: Курс обучения по продуктам УКО для Менеджеров по продажам  | Old version: 1542
[Compare] -> 51) 2: Курс обучения по продуктам УКО для Менеджеров по продажам  | New version: 1542
[Compare] -> 52) 1: Курс-кейс по письменным коммуникациям. Уровень 1  | Old version: 801
[Compare] -> 52) 2: Курс-кейс по письменным коммуникациям. Уровень 1  | New version: 801
[Compare] -> 53) 1: Курс-кейс по письменным коммуникациям. Уровень 2  | Old version: 802
[Compare] -> 53) 2: Курс-кейс по письменным коммуникациям. Уровень 2  | New version: 802
[Compare] -> 54) 1: Мастерская руководителя ЕСЗК. Кадровый резерв  | Old version: 1976
[Compare] -> 54) 2: Мастерская руководителя ЕСЗК. Кадровый резерв  | New version: 1976
[Compare] -> 55) 1: Менеджер по продажам  | Old version: 1543
[Compare] -> 55) 2: Менеджер по продажам  | New version: 1543
[Compare] -> 56) 1: Менеджер по продажам 3.0  | Old version: 2670
[Compare] -> 56) 2: Менеджер по продажам 3.0  | New version: 2670
[Compare] -> 57) 1: Облигации на брокерском счете  | Old version: 2553
[Compare] -> 57) 2: Облигации на брокерском счете  | New version: 2553
[Compare] -> 58) 1: Обучение Консультантов Лин-лабораторий  | Old version: 180
[Compare] -> 58) 2: Обучение Консультантов Лин-лабораторий  | New version: 180
[Compare] -> 59) 1: ОМ Сбербанк первый  | Old version: 1772
[Compare] -> 59) 2: ОМ Сбербанк первый  | New version: 1772
[Compare] -> 60) 1: Основной курс для Видеорелизов  | Old version: 2680
[Compare] -> 60) 2: Основной курс для Видеорелизов  | New version: 2680
[Compare] -> 61) 1: Платежные сервисы ПАО Сбербанка  | Old version: 1204
[Compare] -> 61) 2: Платежные сервисы ПАО Сбербанка  | New version: 1204
[Compare] -> 62) 1: Программа обучения функционалу устройств самообслуживания  | Old version: 182
[Compare] -> 62) 2: Программа обучения функционалу устройств самообслуживания  | New version: 182
[Compare] -> 63) 1: Продукт «Автокредитование»  | Old version: 2217
[Compare] -> 63) 2: Продукт «Автокредитование»  | New version: 2217
[Compare] -> 64) 1: Риск-менеджмент для сотрудников Розничной сети  | Old version: 1544
[Compare] -> 64) 2: Риск-менеджмент для сотрудников Розничной сети  | New version: 1544
[Compare] -> 65) 1: Рынок Банковских Карт  | Old version: 2679
[Compare] -> 65) 2: Рынок Банковских Карт  | New version: 2679
[Compare] -> 66) 1: СБ СОТК  | Old version: 2347
[Compare] -> 66) 2: СБ СОТК  | New version: 2347
[Compare] -> 67) 1: Симулятор для кандидатов на позицию консультанта ВСП  | Old version: 303
[Compare] -> 67) 2: Симулятор для кандидатов на позицию консультанта ВСП  | New version: 303
[Compare] -> 68) 1: Стандарт проведения служебных расследований  | Old version: 954
[Compare] -> 68) 2: Стандарт проведения служебных расследований  | New version: 954
[Compare] -> 69) 1: Тест achievements  | Old version: 94
[Compare] -> 69) 2: Тест achievements  | New version: 94
[Compare] -> 70) 1: Тест Бирюзовая лига (мини-игры)  | Old version: 2146
[Compare] -> 70) 2: Тест Бирюзовая лига (мини-игры)  | New version: 2146
[Compare] -> 71) 1: Тестовый курс e2b_demo_1  | Old version: 160
[Compare] -> 71) 2: Тестовый курс e2b_demo_1  | New version: 160
[Compare] -> 72) 1: Тестовый курс e2b_demo_1  | Old version: 606
[Compare] -> 72) 2: Тестовый курс e2b_demo_1  | New version: 606
[Compare] -> 73) 1: Чат с Клиентом  | Old version: 1879
[Compare] -> 73) 2: Чат с Клиентом  | New version: 1879
[New Courses] -> Courses updated: 0
[Save Data] -> Start
[Save Data] -> Done
No Updates
All Complete
Hangup
Running...
[Login] -> Start
[Read Old Save Data] -> Start
[Read Old Save Data] -> File Read Good =)
[Login] -> Complete
[List Courses] -> Start
/load_test_course12
[List Courses] -> Complete, Total: 74
[Parse] -> URL: https://rb.sberbank-school.ru/jsapi/backend/courses/734/migrations
[Parse] -> URL: https://rb.sberbank-school.ru/jsapi/backend/courses/424/migrations
[Parse] -> URL: https://rb.sberbank-school.ru/jsapi/backend/courses/562/migrations
[Parse] -> URL: https://rb.sberbank-school.ru/jsapi/backend/courses/9/migrations
[Parse] -> URL: https://rb.sberbank-school.ru/jsapi/backend/courses/262/migrations
[Parse] -> URL: https://rb.sberbank-school.ru/jsapi/backend/courses/693/migrations
[Parse] -> URL: https://rb.sberbank-school.ru/jsapi/backend/courses/6/migrations
[Parse] -> URL: https://rb.sberbank-school.ru/jsapi/backend/courses/308/migrations
[Parse] -> URL: https://rb.sberbank-school.ru/jsapi/backend/courses/282/migrations
[Parse] -> URL: https://rb.sberbank-school.ru/jsapi/backend/courses/233/migrations
[Parse] -> URL: https://rb.sberbank-school.ru/jsapi/backend/courses/692/migrations
[Parse] -> URL: https://rb.sberbank-school.ru/jsapi/backend/courses/303/migrations
[Parse] -> URL: https://rb.sberbank-school.ru/jsapi/backend/courses/324/migrations
[Parse] -> URL: https://rb.sberbank-school.ru/jsapi/backend/courses/289/migrations
[Parse] -> URL: https://rb.sberbank-school.ru/jsapi/backend/courses/171/migrations
[Parse] -> URL: https://rb.sberbank-school.ru/jsapi/backend/courses/200/migrations
[Parse] -> URL: https://rb.sberbank-school.ru/jsapi/backend/courses/14/migrations
[Parse] -> URL: https://rb.sberbank-school.ru/jsapi/backend/courses/325/migrations
[Parse] -> URL: https://rb.sberbank-school.ru/jsapi/backend/courses/598/migrations
[Parse] -> URL: https://rb.sberbank-school.ru/jsapi/backend/courses/219/migrations
[Parse] -> URL: https://rb.sberbank-school.ru/jsapi/backend/courses/182/migrations
[Parse] -> URL: https://rb.sberbank-school.ru/jsapi/backend/courses/166/migrations
[Parse] -> URL: https://rb.sberbank-school.ru/jsapi/backend/courses/330/migrations
[Parse] -> URL: https://rb.sberbank-school.ru/jsapi/backend/courses/401/migrations
[Parse] -> URL: https://rb.sberbank-school.ru/jsapi/backend/courses/319/migrations
[Parse] -> URL: https://rb.sberbank-school.ru/jsapi/backend/courses/254/migrations
[Parse] -> URL: https://rb.sberbank-school.ru/jsapi/backend/courses/297/migrations
[Parse] -> URL: https://rb.sberbank-school.ru/jsapi/backend/courses/397/migrations
[Parse] -> URL: https://rb.sberbank-school.ru/jsapi/backend/courses/180/migrations
[Parse] -> URL: https://rb.sberbank-school.ru/jsapi/backend/courses/208/migrations
[Parse] -> URL: https://rb.sberbank-school.ru/jsapi/backend/courses/16/migrations
[Parse] -> URL: https://rb.sberbank-school.ru/jsapi/backend/courses/253/migrations
[Parse] -> URL: https://rb.sberbank-school.ru/jsapi/backend/courses/12/migrations
[Parse] -> URL: https://rb.sberbank-school.ru/jsapi/backend/courses/1/migrations
[Parse] -> URL: https://rb.sberbank-school.ru/jsapi/backend/courses/4/migrations
[Parse] -> URL: https://rb.sberbank-school.ru/jsapi/backend/courses/316/migrations
[Parse] -> URL: https://rb.sberbank-school.ru/jsapi/backend/courses/10/migrations
[Parse] -> URL: https://rb.sberbank-school.ru/jsapi/backend/courses/258/migrations
[Parse] -> URL: https://rb.sberbank-school.ru/jsapi/backend/courses/260/migrations
[Parse] -> URL: https://rb.sberbank-school.ru/jsapi/backend/courses/203/migrations
[Parse] -> URL: https://rb.sberbank-school.ru/jsapi/backend/courses/499/migrations
[Parse] -> URL: https://rb.sberbank-school.ru/jsapi/backend/courses/311/migrations
[Parse] -> URL: https://rb.sberbank-school.ru/jsapi/backend/courses/383/migrations
[Parse] -> URL: https://rb.sberbank-school.ru/jsapi/backend/courses/332/migrations
[Parse] -> URL: https://rb.sberbank-school.ru/jsapi/backend/courses/8/migrations
[Parse] -> URL: https://rb.sberbank-school.ru/jsapi/backend/courses/368/migrations
[Parse] -> URL: https://rb.sberbank-school.ru/jsapi/backend/courses/300/migrations
[Parse] -> URL: https://rb.sberbank-school.ru/jsapi/backend/courses/255/migrations
[Parse] -> URL: https://rb.sberbank-school.ru/jsapi/backend/courses/299/migrations
[Parse] -> URL: https://rb.sberbank-school.ru/jsapi/backend/courses/256/migrations
[Parse] -> URL: https://rb.sberbank-school.ru/jsapi/backend/courses/185/migrations
[Parse] -> URL: https://rb.sberbank-school.ru/jsapi/backend/courses/184/migrations
[Parse] -> URL: https://rb.sberbank-school.ru/jsapi/backend/courses/186/migrations
[Parse] -> URL: https://rb.sberbank-school.ru/jsapi/backend/courses/263/migrations
[Parse] -> URL: https://rb.sberbank-school.ru/jsapi/backend/courses/189/migrations
[Parse] -> URL: https://rb.sberbank-school.ru/jsapi/backend/courses/306/migrations
[Parse] -> URL: https://rb.sberbank-school.ru/jsapi/backend/courses/874/migrations
[Parse] -> URL: https://rb.sberbank-school.ru/jsapi/backend/courses/169/migrations
[Parse] -> URL: https://rb.sberbank-school.ru/jsapi/backend/courses/257/migrations
[Parse] -> URL: https://rb.sberbank-school.ru/jsapi/backend/courses/390/migrations
[Parse] -> URL: https://rb.sberbank-school.ru/jsapi/backend/courses/305/migrations
[Parse] -> URL: https://rb.sberbank-school.ru/jsapi/backend/courses/181/migrations
[Parse] -> URL: https://rb.sberbank-school.ru/jsapi/backend/courses/742/migrations
[Parse] -> URL: https://rb.sberbank-school.ru/jsapi/backend/courses/363/migrations
[Parse] -> URL: https://rb.sberbank-school.ru/jsapi/backend/courses/685/migrations
[Parse] -> URL: https://rb.sberbank-school.ru/jsapi/backend/courses/317/migrations
[Parse] -> URL: https://rb.sberbank-school.ru/jsapi/backend/courses/207/migrations
[Parse] -> URL: https://rb.sberbank-school.ru/jsapi/backend/courses/298/migrations
[Parse] -> URL: https://rb.sberbank-school.ru/jsapi/backend/courses/188/migrations
[Parse] -> URL: https://rb.sberbank-school.ru/jsapi/backend/courses/733/migrations
[Parse] -> URL: https://rb.sberbank-school.ru/jsapi/backend/courses/198/migrations
[Parse] -> URL: https://rb.sberbank-school.ru/jsapi/backend/courses/199/migrations
[Parse] -> URL: https://rb.sberbank-school.ru/jsapi/backend/courses/494/migrations
[Parse] -> Done
[Compare] -> Start
[Compare] -> 0) 1: «ЯЛидер 2020» для ЗРВСП  | Old version: undefined
[Compare] -> 0) 2: «ЯЛидер 2020» для ЗРВСП  | New version: undefined
[Compare] -> 1) 1: «ЯЛидер 2020» для РВСП  | Old version: 2487
[Compare] -> 1) 2: «ЯЛидер 2020» для РВСП  | New version: 2487
[Compare] -> 2) 1: [test-course] Tests for statements load  | Old version: undefined
[Compare] -> 2) 2: [test-course] Tests for statements load  | New version: undefined
[Compare] -> 3) 1: [test-course] Tests for statements load v2  | Old version: undefined
[Compare] -> 3) 2: [test-course] Tests for statements load v2  | New version: undefined
[Compare] -> 4) 1: Банковская академия  | Old version: 2416
[Compare] -> 4) 2: Банковская академия  | New version: 2416
[Compare] -> 5) 1: Бирюзовая лига  | Old version: 1993
[Compare] -> 5) 2: Бирюзовая лига  | New version: 1993
[Compare] -> 6) 1: Бирюзовая лига (мини-игры)  | Old version: 2053
[Compare] -> 6) 2: Бирюзовая лига (мини-игры)  | New version: 2053
[Compare] -> 7) 1: Вводный курс для Консультанта  | Old version: 625
[Compare] -> 7) 2: Вводный курс для Консультанта  | New version: 625
[Compare] -> 8) 1: Вводный курс для Консультанта  | Old version: 2693
[Compare] -> 8) 2: Вводный курс для Консультанта  | New version: 2693
[Compare] -> 9) 1: Вводный курс для Консультанта (Тестовый)  | Old version: 406
[Compare] -> 9) 2: Вводный курс для Консультанта (Тестовый)  | New version: 406
[Compare] -> 10) 1: Виды обучающего материала  | Old version: 328
[Compare] -> 10) 2: Виды обучающего материала  | New version: 328
[Compare] -> 11) 1: Возьми стресс под контроль!  | Old version: 2697
[Compare] -> 11) 2: Возьми стресс под контроль!  | New version: 2697
[Compare] -> 12) 1: Диалоговый тренажер «Стандарты взаимодействия с Клиентом»  | Old version: 705
[Compare] -> 12) 2: Диалоговый тренажер «Стандарты взаимодействия с Клиентом»  | New version: 705
[Compare] -> 13) 1: Диалоговый тренажер «Стандарты взаимодействия с Клиентом»  | Old version: 2428
[Compare] -> 13) 2: Диалоговый тренажер «Стандарты взаимодействия с Клиентом»  | New version: 2428
[Compare] -> 14) 1: ЕРКЦ игры  | Old version: 2662
[Compare] -> 14) 2: ЕРКЦ игры  | New version: 2662
[Compare] -> 15) 1: ЗРВСП Комплексная программа  | Old version: 998
[Compare] -> 15) 2: ЗРВСП Комплексная программа  | New version: 998
[Compare] -> 16) 1: Информирование персонала об угрозе фишинга  | Old version: 169
[Compare] -> 16) 2: Информирование персонала об угрозе фишинга  | New version: 169
[Compare] -> 17) 1: Кадровый резерв Комплексная программа  | Old version: 716
[Compare] -> 17) 2: Кадровый резерв Комплексная программа  | New version: 716
[Compare] -> 18) 1: Кадровый резерв Комплексная программа (Пересборка)  | Old version: 2314
[Compare] -> 18) 2: Кадровый резерв Комплексная программа (Пересборка)  | New version: 2314
[Compare] -> 19) 1: Кибербезопасность  | Old version: 1746
[Compare] -> 19) 2: Кибербезопасность  | New version: 1746
[Compare] -> 20) 1: Клиентский менеджер ММБ  | Old version: 2630
[Compare] -> 20) 2: Клиентский менеджер ММБ  | New version: 2630
[Compare] -> 21) 1: КОММУНИКАЦИИ С КЛИЕНТАМИ: методология тональности письменных коммуникаций для Единой Службы Заботы о Клиентах  | Old version: 1623
[Compare] -> 21) 2: КОММУНИКАЦИИ С КЛИЕНТАМИ: методология тональности письменных коммуникаций для Единой Службы Заботы о Клиентах  | New version: 1623
[Compare] -> 22) 1: Комплексная программа для Консультантов ПФР  | Old version: 1801
[Compare] -> 22) 2: Комплексная программа для Консультантов ПФР  | New version: 1801
[Compare] -> 23) 1: Комплексная программа для СПП  | Old version: 2691
[Compare] -> 23) 2: Комплексная программа для СПП  | New version: 2691
[Compare] -> 24) 1: Комплексная программа обучения КМ Сбербанк Премьер 2.0  | Old version: 2642
[Compare] -> 24) 2: Комплексная программа обучения КМ Сбербанк Премьер 2.0  | New version: 2642
[Compare] -> 25) 1: Комплексная программа обучения МИК v3  | Old version: 2639
[Compare] -> 25) 2: Комплексная программа обучения МИК v3  | New version: 2639
[Compare] -> 26) 1: Комплексная программа обучения МИК. Неделя 1  | Old version: 929
[Compare] -> 26) 2: Комплексная программа обучения МИК. Неделя 1  | New version: 929
[Compare] -> 27) 1: Комплексная программа обучения МИК. Неделя 2  | Old version: 930
[Compare] -> 27) 2: Комплексная программа обучения МИК. Неделя 2  | New version: 930
[Compare] -> 28) 1: Комплексная программа обучения СМО. Модуль 3 2.0  | Old version: 2626
[Compare] -> 28) 2: Комплексная программа обучения СМО. Модуль 3 2.0  | New version: 2626
[Compare] -> 29) 1: Комплексная программа обучения специалистов УРОК ЦЗК  | Old version: 334
[Compare] -> 29) 2: Комплексная программа обучения специалистов УРОК ЦЗК  | New version: 334
[Compare] -> 30) 1: Комплексная программа подготовки менеджера по обслуживанию  | Old version: 2599
[Compare] -> 30) 2: Комплексная программа подготовки менеджера по обслуживанию  | New version: 2599
[Compare] -> 31) 1: Комплексная программа подготовки МИК  | Old version: 1537
[Compare] -> 31) 2: Комплексная программа подготовки МИК  | New version: 1537
[Compare] -> 32) 1: Комплексная программа подготовки МП  | Old version: 609
[Compare] -> 32) 2: Комплексная программа подготовки МП  | New version: 609
[Compare] -> 33) 1: Комплексная программа подготовки сотрудников ЦУРУС ПЦП ЦУСУС  | Old version: 1536
[Compare] -> 33) 2: Комплексная программа подготовки сотрудников ЦУРУС ПЦП ЦУСУС  | New version: 1536
[Compare] -> 34) 1: Комплексная программа подготовки специалистов по прямым продажам  | Old version: 817
[Compare] -> 34) 2: Комплексная программа подготовки специалистов по прямым продажам  | New version: 817
[Compare] -> 35) 1: Комплексная программа подготовки специалистов по прямым продажам  | Old version: 2
[Compare] -> 35) 2: Комплексная программа подготовки специалистов по прямым продажам  | New version: 2
[Compare] -> 36) 1: Комплексная программа руководителей канала Эквайринг  | Old version: 2066
[Compare] -> 36) 2: Комплексная программа руководителей канала Эквайринг  | New version: 2066
[Compare] -> 37) 1: Комплексная программа Сбербанк Премьер  | Old version: 1784
[Compare] -> 37) 2: Комплексная программа Сбербанк Премьер  | New version: 1784
[Compare] -> 38) 1: Комплексная программа СМО Модуль 3  | Old version: 2689
[Compare] -> 38) 2: Комплексная программа СМО Модуль 3  | New version: 2689
[Compare] -> 39) 1: Комплексная программа специалиста ЕРКЦ  | Old version: 2695
[Compare] -> 39) 2: Комплексная программа специалиста ЕРКЦ  | New version: 2695
[Compare] -> 40) 1: Контроль кассовой деятельности  | Old version: 1529
[Compare] -> 40) 2: Контроль кассовой деятельности  | New version: 1529
[Compare] -> 41) 1: Курс бондиана  | Old version: 1547
[Compare] -> 41) 2: Курс бондиана  | New version: 1547
[Compare] -> 42) 1: Курс для клиентских менеджеров ММБ  | Old version: 2647
[Compare] -> 42) 2: Курс для клиентских менеджеров ММБ  | New version: 2647
[Compare] -> 43) 1: Курс для МЗП Ликвидация финансовой безграмотности  | Old version: 1013
[Compare] -> 43) 2: Курс для МЗП Ликвидация финансовой безграмотности  | New version: 1013
[Compare] -> 44) 1: Курс для партнеров ДомКлик  | Old version: 1775
[Compare] -> 44) 2: Курс для партнеров ДомКлик  | New version: 1775
[Compare] -> 45) 1: Курс для сотрудников ЕРКЦ  | Old version: 952
[Compare] -> 45) 2: Курс для сотрудников ЕРКЦ  | New version: 952
[Compare] -> 46) 1: Курс для сотрудников ЕРКЦ по навыку Premier  | Old version: 1541
[Compare] -> 46) 2: Курс для сотрудников ЕРКЦ по навыку Premier  | New version: 1541
[Compare] -> 47) 1: Курс для сотрудников Контактного центра по навыку Block  | Old version: 2451
[Compare] -> 47) 2: Курс для сотрудников Контактного центра по навыку Block  | New version: 2451
[Compare] -> 48) 1: Курс для сотрудников Контактного центра по навыку English  | Old version: 1218
[Compare] -> 48) 2: Курс для сотрудников Контактного центра по навыку English  | New version: 1218
[Compare] -> 49) 1: Курс для сотрудников Контактного центра по навыку Expert  | Old version: 1217
[Compare] -> 49) 2: Курс для сотрудников Контактного центра по навыку Expert  | New version: 1217
[Compare] -> 50) 1: Курс для сотрудников Контактного центра по навыку Help  | Old version: 1214
[Compare] -> 50) 2: Курс для сотрудников Контактного центра по навыку Help  | New version: 1214
[Compare] -> 51) 1: Курс обучения по продуктам УКО для Менеджеров по продажам  | Old version: 1542
[Compare] -> 51) 2: Курс обучения по продуктам УКО для Менеджеров по продажам  | New version: 1542
[Compare] -> 52) 1: Курс-кейс по письменным коммуникациям. Уровень 1  | Old version: 801
[Compare] -> 52) 2: Курс-кейс по письменным коммуникациям. Уровень 1  | New version: 801
[Compare] -> 53) 1: Курс-кейс по письменным коммуникациям. Уровень 2  | Old version: 802
[Compare] -> 53) 2: Курс-кейс по письменным коммуникациям. Уровень 2  | New version: 802
[Compare] -> 54) 1: Мастерская руководителя ЕСЗК. Кадровый резерв  | Old version: 1976
[Compare] -> 54) 2: Мастерская руководителя ЕСЗК. Кадровый резерв  | New version: 1976
[Compare] -> 55) 1: Менеджер по продажам  | Old version: 1543
[Compare] -> 55) 2: Менеджер по продажам  | New version: 1543
[Compare] -> 56) 1: Менеджер по продажам 3.0  | Old version: 2670
[Compare] -> 56) 2: Менеджер по продажам 3.0  | New version: 2670
[Compare] -> 57) 1: Облигации на брокерском счете  | Old version: 2553
[Compare] -> 57) 2: Облигации на брокерском счете  | New version: 2553
[Compare] -> 58) 1: Обучение Консультантов Лин-лабораторий  | Old version: 180
[Compare] -> 58) 2: Обучение Консультантов Лин-лабораторий  | New version: 180
[Compare] -> 59) 1: ОМ Сбербанк первый  | Old version: 1772
[Compare] -> 59) 2: ОМ Сбербанк первый  | New version: 1772
[Compare] -> 60) 1: Основной курс для Видеорелизов  | Old version: 2698
[Compare] -> 60) 2: Основной курс для Видеорелизов  | New version: 2698
[Compare] -> 61) 1: Платежные сервисы ПАО Сбербанка  | Old version: 1204
[Compare] -> 61) 2: Платежные сервисы ПАО Сбербанка  | New version: 1204
[Compare] -> 62) 1: Программа обучения функционалу устройств самообслуживания  | Old version: 182
[Compare] -> 62) 2: Программа обучения функционалу устройств самообслуживания  | New version: 182
[Compare] -> 63) 1: Продукт «Автокредитование»  | Old version: 2217
[Compare] -> 63) 2: Продукт «Автокредитование»  | New version: 2217
[Compare] -> 64) 1: Риск-менеджмент для сотрудников Розничной сети  | Old version: 1544
[Compare] -> 64) 2: Риск-менеджмент для сотрудников Розничной сети  | New version: 1544
[Compare] -> 65) 1: Рынок Банковских Карт  | Old version: 2679
[Compare] -> 65) 2: Рынок Банковских Карт  | New version: 2679
[Compare] -> 66) 1: СБ СОТК  | Old version: 2347
[Compare] -> 66) 2: СБ СОТК  | New version: 2347
[Compare] -> 67) 1: Симулятор для кандидатов на позицию консультанта ВСП  | Old version: 303
[Compare] -> 67) 2: Симулятор для кандидатов на позицию консультанта ВСП  | New version: 303
[Compare] -> 68) 1: Стандарт проведения служебных расследований  | Old version: 954
[Compare] -> 68) 2: Стандарт проведения служебных расследований  | New version: 954
[Compare] -> 69) 1: Тест achievements  | Old version: 94
[Compare] -> 69) 2: Тест achievements  | New version: 94
[Compare] -> 70) 1: Тест Бирюзовая лига (мини-игры)  | Old version: 2146
[Compare] -> 70) 2: Тест Бирюзовая лига (мини-игры)  | New version: 2146
[Compare] -> 71) 1: Тестовый курс e2b_demo_1  | Old version: 160
[Compare] -> 71) 2: Тестовый курс e2b_demo_1  | New version: 160
[Compare] -> 72) 1: Тестовый курс e2b_demo_1  | Old version: 606
[Compare] -> 72) 2: Тестовый курс e2b_demo_1  | New version: 606
[Compare] -> 73) 1: Чат с Клиентом  | Old version: 1879
[Compare] -> 73) 2: Чат с Клиентом  | New version: 1879
[Save Data] -> Start
[Save Data] -> Done
No Updates
All Complete
Running...
[Login] -> Start
[Read Old Save Data] -> Start
[Read Old Save Data] -> File Read Good =)
[Login] -> Complete
[List Courses] -> Start
/load_test_course12
[List Courses] -> Complete, Total: 74
[Parse] -> URL: https://rb.sberbank-school.ru/jsapi/backend/courses/734/migrations
[Parse] -> URL: https://rb.sberbank-school.ru/jsapi/backend/courses/424/migrations
[Parse] -> URL: https://rb.sberbank-school.ru/jsapi/backend/courses/562/migrations
[Parse] -> URL: https://rb.sberbank-school.ru/jsapi/backend/courses/9/migrations
[Parse] -> URL: https://rb.sberbank-school.ru/jsapi/backend/courses/262/migrations
[Parse] -> URL: https://rb.sberbank-school.ru/jsapi/backend/courses/693/migrations
[Parse] -> URL: https://rb.sberbank-school.ru/jsapi/backend/courses/6/migrations
[Parse] -> URL: https://rb.sberbank-school.ru/jsapi/backend/courses/308/migrations
[Parse] -> URL: https://rb.sberbank-school.ru/jsapi/backend/courses/282/migrations
[Parse] -> URL: https://rb.sberbank-school.ru/jsapi/backend/courses/233/migrations
[Parse] -> URL: https://rb.sberbank-school.ru/jsapi/backend/courses/692/migrations
[Parse] -> URL: https://rb.sberbank-school.ru/jsapi/backend/courses/303/migrations
[Parse] -> URL: https://rb.sberbank-school.ru/jsapi/backend/courses/324/migrations
[Parse] -> URL: https://rb.sberbank-school.ru/jsapi/backend/courses/289/migrations
[Parse] -> URL: https://rb.sberbank-school.ru/jsapi/backend/courses/171/migrations
[Parse] -> URL: https://rb.sberbank-school.ru/jsapi/backend/courses/200/migrations
[Parse] -> URL: https://rb.sberbank-school.ru/jsapi/backend/courses/14/migrations
[Parse] -> URL: https://rb.sberbank-school.ru/jsapi/backend/courses/325/migrations
[Parse] -> URL: https://rb.sberbank-school.ru/jsapi/backend/courses/598/migrations
[Parse] -> URL: https://rb.sberbank-school.ru/jsapi/backend/courses/219/migrations
[Parse] -> URL: https://rb.sberbank-school.ru/jsapi/backend/courses/182/migrations
[Parse] -> URL: https://rb.sberbank-school.ru/jsapi/backend/courses/166/migrations
[Parse] -> URL: https://rb.sberbank-school.ru/jsapi/backend/courses/330/migrations
[Parse] -> URL: https://rb.sberbank-school.ru/jsapi/backend/courses/401/migrations
[Parse] -> URL: https://rb.sberbank-school.ru/jsapi/backend/courses/319/migrations
[Parse] -> URL: https://rb.sberbank-school.ru/jsapi/backend/courses/254/migrations
[Parse] -> URL: https://rb.sberbank-school.ru/jsapi/backend/courses/297/migrations
[Parse] -> URL: https://rb.sberbank-school.ru/jsapi/backend/courses/397/migrations
[Parse] -> URL: https://rb.sberbank-school.ru/jsapi/backend/courses/180/migrations
[Parse] -> URL: https://rb.sberbank-school.ru/jsapi/backend/courses/208/migrations
[Parse] -> URL: https://rb.sberbank-school.ru/jsapi/backend/courses/16/migrations
[Parse] -> URL: https://rb.sberbank-school.ru/jsapi/backend/courses/253/migrations
[Parse] -> URL: https://rb.sberbank-school.ru/jsapi/backend/courses/12/migrations
[Parse] -> URL: https://rb.sberbank-school.ru/jsapi/backend/courses/1/migrations
[Parse] -> URL: https://rb.sberbank-school.ru/jsapi/backend/courses/4/migrations
[Parse] -> URL: https://rb.sberbank-school.ru/jsapi/backend/courses/316/migrations
[Parse] -> URL: https://rb.sberbank-school.ru/jsapi/backend/courses/10/migrations
[Parse] -> URL: https://rb.sberbank-school.ru/jsapi/backend/courses/258/migrations
[Parse] -> URL: https://rb.sberbank-school.ru/jsapi/backend/courses/260/migrations
[Parse] -> URL: https://rb.sberbank-school.ru/jsapi/backend/courses/203/migrations
[Parse] -> URL: https://rb.sberbank-school.ru/jsapi/backend/courses/499/migrations
[Parse] -> URL: https://rb.sberbank-school.ru/jsapi/backend/courses/311/migrations
[Parse] -> URL: https://rb.sberbank-school.ru/jsapi/backend/courses/383/migrations
[Parse] -> URL: https://rb.sberbank-school.ru/jsapi/backend/courses/332/migrations
[Parse] -> URL: https://rb.sberbank-school.ru/jsapi/backend/courses/8/migrations
[Parse] -> URL: https://rb.sberbank-school.ru/jsapi/backend/courses/368/migrations
[Parse] -> URL: https://rb.sberbank-school.ru/jsapi/backend/courses/300/migrations
[Parse] -> URL: https://rb.sberbank-school.ru/jsapi/backend/courses/255/migrations
[Parse] -> URL: https://rb.sberbank-school.ru/jsapi/backend/courses/299/migrations
[Parse] -> URL: https://rb.sberbank-school.ru/jsapi/backend/courses/256/migrations
[Parse] -> URL: https://rb.sberbank-school.ru/jsapi/backend/courses/185/migrations
[Parse] -> URL: https://rb.sberbank-school.ru/jsapi/backend/courses/184/migrations
[Parse] -> URL: https://rb.sberbank-school.ru/jsapi/backend/courses/186/migrations
[Parse] -> URL: https://rb.sberbank-school.ru/jsapi/backend/courses/263/migrations
[Parse] -> URL: https://rb.sberbank-school.ru/jsapi/backend/courses/189/migrations
[Parse] -> URL: https://rb.sberbank-school.ru/jsapi/backend/courses/306/migrations
[Parse] -> URL: https://rb.sberbank-school.ru/jsapi/backend/courses/874/migrations
[Parse] -> URL: https://rb.sberbank-school.ru/jsapi/backend/courses/169/migrations
[Parse] -> URL: https://rb.sberbank-school.ru/jsapi/backend/courses/257/migrations
[Parse] -> URL: https://rb.sberbank-school.ru/jsapi/backend/courses/390/migrations
[Parse] -> URL: https://rb.sberbank-school.ru/jsapi/backend/courses/305/migrations
[Parse] -> URL: https://rb.sberbank-school.ru/jsapi/backend/courses/181/migrations
[Parse] -> URL: https://rb.sberbank-school.ru/jsapi/backend/courses/742/migrations
[Parse] -> URL: https://rb.sberbank-school.ru/jsapi/backend/courses/363/migrations
[Parse] -> URL: https://rb.sberbank-school.ru/jsapi/backend/courses/685/migrations
[Parse] -> URL: https://rb.sberbank-school.ru/jsapi/backend/courses/317/migrations
[Parse] -> URL: https://rb.sberbank-school.ru/jsapi/backend/courses/207/migrations
[Parse] -> URL: https://rb.sberbank-school.ru/jsapi/backend/courses/298/migrations
[Parse] -> URL: https://rb.sberbank-school.ru/jsapi/backend/courses/188/migrations
[Parse] -> URL: https://rb.sberbank-school.ru/jsapi/backend/courses/733/migrations
[Parse] -> URL: https://rb.sberbank-school.ru/jsapi/backend/courses/198/migrations
[Parse] -> URL: https://rb.sberbank-school.ru/jsapi/backend/courses/199/migrations
[Parse] -> URL: https://rb.sberbank-school.ru/jsapi/backend/courses/494/migrations
[Parse] -> Done
[Compare] -> Start
[Compare] -> 0) 1: «ЯЛидер 2020» для ЗРВСП  | Old version: undefined
[Compare] -> 0) 2: «ЯЛидер 2020» для ЗРВСП  | New version: undefined
[Compare] -> 1) 1: «ЯЛидер 2020» для РВСП  | Old version: 2487
[Compare] -> 1) 2: «ЯЛидер 2020» для РВСП  | New version: 2487
[Compare] -> 2) 1: [test-course] Tests for statements load  | Old version: undefined
[Compare] -> 2) 2: [test-course] Tests for statements load  | New version: undefined
[Compare] -> 3) 1: [test-course] Tests for statements load v2  | Old version: undefined
[Compare] -> 3) 2: [test-course] Tests for statements load v2  | New version: undefined
[Compare] -> 4) 1: Банковская академия  | Old version: 2416
[Compare] -> 4) 2: Банковская академия  | New version: 2416
[Compare] -> 5) 1: Бирюзовая лига  | Old version: 1993
[Compare] -> 5) 2: Бирюзовая лига  | New version: 1993
[Compare] -> 6) 1: Бирюзовая лига (мини-игры)  | Old version: 2053
[Compare] -> 6) 2: Бирюзовая лига (мини-игры)  | New version: 2053
[Compare] -> 7) 1: Вводный курс для Консультанта  | Old version: 625
[Compare] -> 7) 2: Вводный курс для Консультанта  | New version: 625
[Compare] -> 8) 1: Вводный курс для Консультанта  | Old version: 2693
[Compare] -> 8) 2: Вводный курс для Консультанта  | New version: 2693
[Compare] -> 9) 1: Вводный курс для Консультанта (Тестовый)  | Old version: 406
[Compare] -> 9) 2: Вводный курс для Консультанта (Тестовый)  | New version: 406
[Compare] -> 10) 1: Виды обучающего материала  | Old version: 328
[Compare] -> 10) 2: Виды обучающего материала  | New version: 328
[Compare] -> 11) 1: Возьми стресс под контроль!  | Old version: 2697
[Compare] -> 11) 2: Возьми стресс под контроль!  | New version: 2697
[Compare] -> 12) 1: Диалоговый тренажер «Стандарты взаимодействия с Клиентом»  | Old version: 705
[Compare] -> 12) 2: Диалоговый тренажер «Стандарты взаимодействия с Клиентом»  | New version: 705
[Compare] -> 13) 1: Диалоговый тренажер «Стандарты взаимодействия с Клиентом»  | Old version: 2428
[Compare] -> 13) 2: Диалоговый тренажер «Стандарты взаимодействия с Клиентом»  | New version: 2428
[Compare] -> 14) 1: ЕРКЦ игры  | Old version: 2662
[Compare] -> 14) 2: ЕРКЦ игры  | New version: 2662
[Compare] -> 15) 1: ЗРВСП Комплексная программа  | Old version: 998
[Compare] -> 15) 2: ЗРВСП Комплексная программа  | New version: 998
[Compare] -> 16) 1: Информирование персонала об угрозе фишинга  | Old version: 169
[Compare] -> 16) 2: Информирование персонала об угрозе фишинга  | New version: 169
[Compare] -> 17) 1: Кадровый резерв Комплексная программа  | Old version: 716
[Compare] -> 17) 2: Кадровый резерв Комплексная программа  | New version: 716
[Compare] -> 18) 1: Кадровый резерв Комплексная программа (Пересборка)  | Old version: 2314
[Compare] -> 18) 2: Кадровый резерв Комплексная программа (Пересборка)  | New version: 2314
[Compare] -> 19) 1: Кибербезопасность  | Old version: 1746
[Compare] -> 19) 2: Кибербезопасность  | New version: 1746
[Compare] -> 20) 1: Клиентский менеджер ММБ  | Old version: 2630
[Compare] -> 20) 2: Клиентский менеджер ММБ  | New version: 2630
[Compare] -> 21) 1: КОММУНИКАЦИИ С КЛИЕНТАМИ: методология тональности письменных коммуникаций для Единой Службы Заботы о Клиентах  | Old version: 1623
[Compare] -> 21) 2: КОММУНИКАЦИИ С КЛИЕНТАМИ: методология тональности письменных коммуникаций для Единой Службы Заботы о Клиентах  | New version: 1623
[Compare] -> 22) 1: Комплексная программа для Консультантов ПФР  | Old version: 1801
[Compare] -> 22) 2: Комплексная программа для Консультантов ПФР  | New version: 1801
[Compare] -> 23) 1: Комплексная программа для СПП  | Old version: 2691
[Compare] -> 23) 2: Комплексная программа для СПП  | New version: 2691
[Compare] -> 24) 1: Комплексная программа обучения КМ Сбербанк Премьер 2.0  | Old version: 2642
[Compare] -> 24) 2: Комплексная программа обучения КМ Сбербанк Премьер 2.0  | New version: 2642
[Compare] -> 25) 1: Комплексная программа обучения МИК v3  | Old version: 2639
[Compare] -> 25) 2: Комплексная программа обучения МИК v3  | New version: 2639
[Compare] -> 26) 1: Комплексная программа обучения МИК. Неделя 1  | Old version: 929
[Compare] -> 26) 2: Комплексная программа обучения МИК. Неделя 1  | New version: 929
[Compare] -> 27) 1: Комплексная программа обучения МИК. Неделя 2  | Old version: 930
[Compare] -> 27) 2: Комплексная программа обучения МИК. Неделя 2  | New version: 930
[Compare] -> 28) 1: Комплексная программа обучения СМО. Модуль 3 2.0  | Old version: 2626
[Compare] -> 28) 2: Комплексная программа обучения СМО. Модуль 3 2.0  | New version: 2626
[Compare] -> 29) 1: Комплексная программа обучения специалистов УРОК ЦЗК  | Old version: 334
[Compare] -> 29) 2: Комплексная программа обучения специалистов УРОК ЦЗК  | New version: 334
[Compare] -> 30) 1: Комплексная программа подготовки менеджера по обслуживанию  | Old version: 2599
[Compare] -> 30) 2: Комплексная программа подготовки менеджера по обслуживанию  | New version: 2599
[Compare] -> 31) 1: Комплексная программа подготовки МИК  | Old version: 1537
[Compare] -> 31) 2: Комплексная программа подготовки МИК  | New version: 1537
[Compare] -> 32) 1: Комплексная программа подготовки МП  | Old version: 609
[Compare] -> 32) 2: Комплексная программа подготовки МП  | New version: 609
[Compare] -> 33) 1: Комплексная программа подготовки сотрудников ЦУРУС ПЦП ЦУСУС  | Old version: 1536
[Compare] -> 33) 2: Комплексная программа подготовки сотрудников ЦУРУС ПЦП ЦУСУС  | New version: 1536
[Compare] -> 34) 1: Комплексная программа подготовки специалистов по прямым продажам  | Old version: 817
[Compare] -> 34) 2: Комплексная программа подготовки специалистов по прямым продажам  | New version: 817
[Compare] -> 35) 1: Комплексная программа подготовки специалистов по прямым продажам  | Old version: 2
[Compare] -> 35) 2: Комплексная программа подготовки специалистов по прямым продажам  | New version: 2
[Compare] -> 36) 1: Комплексная программа руководителей канала Эквайринг  | Old version: 2066
[Compare] -> 36) 2: Комплексная программа руководителей канала Эквайринг  | New version: 2066
[Compare] -> 37) 1: Комплексная программа Сбербанк Премьер  | Old version: 1784
[Compare] -> 37) 2: Комплексная программа Сбербанк Премьер  | New version: 1784
[Compare] -> 38) 1: Комплексная программа СМО Модуль 3  | Old version: 2689
[Compare] -> 38) 2: Комплексная программа СМО Модуль 3  | New version: 2689
[Compare] -> 39) 1: Комплексная программа специалиста ЕРКЦ  | Old version: 2695
[Compare] -> 39) 2: Комплексная программа специалиста ЕРКЦ  | New version: 2695
[Compare] -> 40) 1: Контроль кассовой деятельности  | Old version: 1529
[Compare] -> 40) 2: Контроль кассовой деятельности  | New version: 1529
[Compare] -> 41) 1: Курс бондиана  | Old version: 1547
[Compare] -> 41) 2: Курс бондиана  | New version: 1547
[Compare] -> 42) 1: Курс для клиентских менеджеров ММБ  | Old version: 2647
[Compare] -> 42) 2: Курс для клиентских менеджеров ММБ  | New version: 2647
[Compare] -> 43) 1: Курс для МЗП Ликвидация финансовой безграмотности  | Old version: 1013
[Compare] -> 43) 2: Курс для МЗП Ликвидация финансовой безграмотности  | New version: 1013
[Compare] -> 44) 1: Курс для партнеров ДомКлик  | Old version: 1775
[Compare] -> 44) 2: Курс для партнеров ДомКлик  | New version: 1775
[Compare] -> 45) 1: Курс для сотрудников ЕРКЦ  | Old version: 952
[Compare] -> 45) 2: Курс для сотрудников ЕРКЦ  | New version: 952
[Compare] -> 46) 1: Курс для сотрудников ЕРКЦ по навыку Premier  | Old version: 1541
[Compare] -> 46) 2: Курс для сотрудников ЕРКЦ по навыку Premier  | New version: 1541
[Compare] -> 47) 1: Курс для сотрудников Контактного центра по навыку Block  | Old version: 2451
[Compare] -> 47) 2: Курс для сотрудников Контактного центра по навыку Block  | New version: 2451
[Compare] -> 48) 1: Курс для сотрудников Контактного центра по навыку English  | Old version: 1218
[Compare] -> 48) 2: Курс для сотрудников Контактного центра по навыку English  | New version: 1218
[Compare] -> 49) 1: Курс для сотрудников Контактного центра по навыку Expert  | Old version: 1217
[Compare] -> 49) 2: Курс для сотрудников Контактного центра по навыку Expert  | New version: 1217
[Compare] -> 50) 1: Курс для сотрудников Контактного центра по навыку Help  | Old version: 1214
[Compare] -> 50) 2: Курс для сотрудников Контактного центра по навыку Help  | New version: 1214
[Compare] -> 51) 1: Курс обучения по продуктам УКО для Менеджеров по продажам  | Old version: 1542
[Compare] -> 51) 2: Курс обучения по продуктам УКО для Менеджеров по продажам  | New version: 1542
[Compare] -> 52) 1: Курс-кейс по письменным коммуникациям. Уровень 1  | Old version: 801
[Compare] -> 52) 2: Курс-кейс по письменным коммуникациям. Уровень 1  | New version: 801
[Compare] -> 53) 1: Курс-кейс по письменным коммуникациям. Уровень 2  | Old version: 802
[Compare] -> 53) 2: Курс-кейс по письменным коммуникациям. Уровень 2  | New version: 802
[Compare] -> 54) 1: Мастерская руководителя ЕСЗК. Кадровый резерв  | Old version: 1976
[Compare] -> 54) 2: Мастерская руководителя ЕСЗК. Кадровый резерв  | New version: 1976
[Compare] -> 55) 1: Менеджер по продажам  | Old version: 1543
[Compare] -> 55) 2: Менеджер по продажам  | New version: 1543
[Compare] -> 56) 1: Менеджер по продажам 3.0  | Old version: 2670
[Compare] -> 56) 2: Менеджер по продажам 3.0  | New version: 2670
[Compare] -> 57) 1: Облигации на брокерском счете  | Old version: 2553
[Compare] -> 57) 2: Облигации на брокерском счете  | New version: 2553
[Compare] -> 58) 1: Обучение Консультантов Лин-лабораторий  | Old version: 180
[Compare] -> 58) 2: Обучение Консультантов Лин-лабораторий  | New version: 180
[Compare] -> 59) 1: ОМ Сбербанк первый  | Old version: 1772
[Compare] -> 59) 2: ОМ Сбербанк первый  | New version: 1772
[Compare] -> 60) 1: Основной курс для Видеорелизов  | Old version: 2698
[Compare] -> 60) 2: Основной курс для Видеорелизов  | New version: 2698
[Compare] -> 61) 1: Платежные сервисы ПАО Сбербанка  | Old version: 1204
[Compare] -> 61) 2: Платежные сервисы ПАО Сбербанка  | New version: 1204
[Compare] -> 62) 1: Программа обучения функционалу устройств самообслуживания  | Old version: 182
[Compare] -> 62) 2: Программа обучения функционалу устройств самообслуживания  | New version: 182
[Compare] -> 63) 1: Продукт «Автокредитование»  | Old version: 2217
[Compare] -> 63) 2: Продукт «Автокредитование»  | New version: 2217
[Compare] -> 64) 1: Риск-менеджмент для сотрудников Розничной сети  | Old version: 1544
[Compare] -> 64) 2: Риск-менеджмент для сотрудников Розничной сети  | New version: 1544
[Compare] -> 65) 1: Рынок Банковских Карт  | Old version: 2679
[Compare] -> 65) 2: Рынок Банковских Карт  | New version: 2679
[Compare] -> 66) 1: СБ СОТК  | Old version: 2347
[Compare] -> 66) 2: СБ СОТК  | New version: 2347
[Compare] -> 67) 1: Симулятор для кандидатов на позицию консультанта ВСП  | Old version: 303
[Compare] -> 67) 2: Симулятор для кандидатов на позицию консультанта ВСП  | New version: 303
[Compare] -> 68) 1: Стандарт проведения служебных расследований  | Old version: 954
[Compare] -> 68) 2: Стандарт проведения служебных расследований  | New version: 954
[Compare] -> 69) 1: Тест achievements  | Old version: 94
[Compare] -> 69) 2: Тест achievements  | New version: 94
[Compare] -> 70) 1: Тест Бирюзовая лига (мини-игры)  | Old version: 2146
[Compare] -> 70) 2: Тест Бирюзовая лига (мини-игры)  | New version: 2146
[Compare] -> 71) 1: Тестовый курс e2b_demo_1  | Old version: 160
[Compare] -> 71) 2: Тестовый курс e2b_demo_1  | New version: 160
[Compare] -> 72) 1: Тестовый курс e2b_demo_1  | Old version: 606
[Compare] -> 72) 2: Тестовый курс e2b_demo_1  | New version: 606
[Compare] -> 73) 1: Чат с Клиентом  | Old version: 1879
[Compare] -> 73) 2: Чат с Клиентом  | New version: 1879
[Save Data] -> Start
[Save Data] -> Done
No Updates
All Complete
Terminated
Running...
[Login] -> Start
[Read Old Save Data] -> Start
[Read Old Save Data] -> File Read Good =)
[Login] -> Complete
[List Courses] -> Start
/load_test_course12
[List Courses] -> Complete, Total: 74
[Parse] -> URL: https://rb.sberbank-school.ru/jsapi/backend/courses/734/migrations
[Parse] -> URL: https://rb.sberbank-school.ru/jsapi/backend/courses/424/migrations
[Parse] -> URL: https://rb.sberbank-school.ru/jsapi/backend/courses/562/migrations
[Parse] -> URL: https://rb.sberbank-school.ru/jsapi/backend/courses/9/migrations
[Parse] -> URL: https://rb.sberbank-school.ru/jsapi/backend/courses/262/migrations
[Parse] -> URL: https://rb.sberbank-school.ru/jsapi/backend/courses/693/migrations
[Parse] -> URL: https://rb.sberbank-school.ru/jsapi/backend/courses/6/migrations
[Parse] -> URL: https://rb.sberbank-school.ru/jsapi/backend/courses/308/migrations
[Parse] -> URL: https://rb.sberbank-school.ru/jsapi/backend/courses/282/migrations
[Parse] -> URL: https://rb.sberbank-school.ru/jsapi/backend/courses/233/migrations
[Parse] -> URL: https://rb.sberbank-school.ru/jsapi/backend/courses/692/migrations
[Parse] -> URL: https://rb.sberbank-school.ru/jsapi/backend/courses/303/migrations
[Parse] -> URL: https://rb.sberbank-school.ru/jsapi/backend/courses/324/migrations
[Parse] -> URL: https://rb.sberbank-school.ru/jsapi/backend/courses/289/migrations
[Parse] -> URL: https://rb.sberbank-school.ru/jsapi/backend/courses/171/migrations
[Parse] -> URL: https://rb.sberbank-school.ru/jsapi/backend/courses/200/migrations
[Parse] -> URL: https://rb.sberbank-school.ru/jsapi/backend/courses/14/migrations
[Parse] -> URL: https://rb.sberbank-school.ru/jsapi/backend/courses/325/migrations
[Parse] -> URL: https://rb.sberbank-school.ru/jsapi/backend/courses/598/migrations
[Parse] -> URL: https://rb.sberbank-school.ru/jsapi/backend/courses/219/migrations
[Parse] -> URL: https://rb.sberbank-school.ru/jsapi/backend/courses/182/migrations
[Parse] -> URL: https://rb.sberbank-school.ru/jsapi/backend/courses/166/migrations
[Parse] -> URL: https://rb.sberbank-school.ru/jsapi/backend/courses/330/migrations
[Parse] -> URL: https://rb.sberbank-school.ru/jsapi/backend/courses/401/migrations
[Parse] -> URL: https://rb.sberbank-school.ru/jsapi/backend/courses/319/migrations
[Parse] -> URL: https://rb.sberbank-school.ru/jsapi/backend/courses/254/migrations
[Parse] -> URL: https://rb.sberbank-school.ru/jsapi/backend/courses/297/migrations
[Parse] -> URL: https://rb.sberbank-school.ru/jsapi/backend/courses/397/migrations
[Parse] -> URL: https://rb.sberbank-school.ru/jsapi/backend/courses/180/migrations
[Parse] -> URL: https://rb.sberbank-school.ru/jsapi/backend/courses/208/migrations
[Parse] -> URL: https://rb.sberbank-school.ru/jsapi/backend/courses/16/migrations
[Parse] -> URL: https://rb.sberbank-school.ru/jsapi/backend/courses/253/migrations
[Parse] -> URL: https://rb.sberbank-school.ru/jsapi/backend/courses/12/migrations
[Parse] -> URL: https://rb.sberbank-school.ru/jsapi/backend/courses/1/migrations
[Parse] -> URL: https://rb.sberbank-school.ru/jsapi/backend/courses/4/migrations
[Parse] -> URL: https://rb.sberbank-school.ru/jsapi/backend/courses/316/migrations
[Parse] -> URL: https://rb.sberbank-school.ru/jsapi/backend/courses/10/migrations
[Parse] -> URL: https://rb.sberbank-school.ru/jsapi/backend/courses/258/migrations
[Parse] -> URL: https://rb.sberbank-school.ru/jsapi/backend/courses/260/migrations
[Parse] -> URL: https://rb.sberbank-school.ru/jsapi/backend/courses/203/migrations
[Parse] -> URL: https://rb.sberbank-school.ru/jsapi/backend/courses/499/migrations
[Parse] -> URL: https://rb.sberbank-school.ru/jsapi/backend/courses/311/migrations
[Parse] -> URL: https://rb.sberbank-school.ru/jsapi/backend/courses/383/migrations
[Parse] -> URL: https://rb.sberbank-school.ru/jsapi/backend/courses/332/migrations
[Parse] -> URL: https://rb.sberbank-school.ru/jsapi/backend/courses/8/migrations
[Parse] -> URL: https://rb.sberbank-school.ru/jsapi/backend/courses/368/migrations
[Parse] -> URL: https://rb.sberbank-school.ru/jsapi/backend/courses/300/migrations
[Parse] -> URL: https://rb.sberbank-school.ru/jsapi/backend/courses/255/migrations
[Parse] -> URL: https://rb.sberbank-school.ru/jsapi/backend/courses/299/migrations
[Parse] -> URL: https://rb.sberbank-school.ru/jsapi/backend/courses/256/migrations
[Parse] -> URL: https://rb.sberbank-school.ru/jsapi/backend/courses/185/migrations
[Parse] -> URL: https://rb.sberbank-school.ru/jsapi/backend/courses/184/migrations
[Parse] -> URL: https://rb.sberbank-school.ru/jsapi/backend/courses/186/migrations
[Parse] -> URL: https://rb.sberbank-school.ru/jsapi/backend/courses/263/migrations
[Parse] -> URL: https://rb.sberbank-school.ru/jsapi/backend/courses/189/migrations
[Parse] -> URL: https://rb.sberbank-school.ru/jsapi/backend/courses/306/migrations
[Parse] -> URL: https://rb.sberbank-school.ru/jsapi/backend/courses/874/migrations
[Parse] -> URL: https://rb.sberbank-school.ru/jsapi/backend/courses/169/migrations
[Parse] -> URL: https://rb.sberbank-school.ru/jsapi/backend/courses/257/migrations
[Parse] -> URL: https://rb.sberbank-school.ru/jsapi/backend/courses/390/migrations
[Parse] -> URL: https://rb.sberbank-school.ru/jsapi/backend/courses/305/migrations
[Parse] -> URL: https://rb.sberbank-school.ru/jsapi/backend/courses/181/migrations
[Parse] -> URL: https://rb.sberbank-school.ru/jsapi/backend/courses/742/migrations
[Parse] -> URL: https://rb.sberbank-school.ru/jsapi/backend/courses/363/migrations
[Parse] -> URL: https://rb.sberbank-school.ru/jsapi/backend/courses/685/migrations
[Parse] -> URL: https://rb.sberbank-school.ru/jsapi/backend/courses/317/migrations
[Parse] -> URL: https://rb.sberbank-school.ru/jsapi/backend/courses/207/migrations
[Parse] -> URL: https://rb.sberbank-school.ru/jsapi/backend/courses/298/migrations
[Parse] -> URL: https://rb.sberbank-school.ru/jsapi/backend/courses/188/migrations
[Parse] -> URL: https://rb.sberbank-school.ru/jsapi/backend/courses/733/migrations
[Parse] -> URL: https://rb.sberbank-school.ru/jsapi/backend/courses/198/migrations
[Parse] -> URL: https://rb.sberbank-school.ru/jsapi/backend/courses/199/migrations
[Parse] -> URL: https://rb.sberbank-school.ru/jsapi/backend/courses/494/migrations
[Parse] -> Done
[Compare] -> Start
[Compare] -> 0) 1: «ЯЛидер 2020» для ЗРВСП  | Old version: undefined
[Compare] -> 0) 2: «ЯЛидер 2020» для ЗРВСП  | New version: undefined
[Compare] -> 1) 1: «ЯЛидер 2020» для РВСП  | Old version: 2487
[Compare] -> 1) 2: «ЯЛидер 2020» для РВСП  | New version: 2487
[Compare] -> 2) 1: [test-course] Tests for statements load  | Old version: undefined
[Compare] -> 2) 2: [test-course] Tests for statements load  | New version: undefined
[Compare] -> 3) 1: [test-course] Tests for statements load v2  | Old version: undefined
[Compare] -> 3) 2: [test-course] Tests for statements load v2  | New version: undefined
[Compare] -> 4) 1: Банковская академия  | Old version: 2416
[Compare] -> 4) 2: Банковская академия  | New version: 2416
[Compare] -> 5) 1: Бирюзовая лига  | Old version: 1993
[Compare] -> 5) 2: Бирюзовая лига  | New version: 1993
[Compare] -> 6) 1: Бирюзовая лига (мини-игры)  | Old version: 2053
[Compare] -> 6) 2: Бирюзовая лига (мини-игры)  | New version: 2053
[Compare] -> 7) 1: Вводный курс для Консультанта  | Old version: 625
[Compare] -> 7) 2: Вводный курс для Консультанта  | New version: 625
[Compare] -> 8) 1: Вводный курс для Консультанта  | Old version: 2693
[Compare] -> 8) 2: Вводный курс для Консультанта  | New version: 2693
[Compare] -> 9) 1: Вводный курс для Консультанта (Тестовый)  | Old version: 406
[Compare] -> 9) 2: Вводный курс для Консультанта (Тестовый)  | New version: 406
[Compare] -> 10) 1: Виды обучающего материала  | Old version: 328
[Compare] -> 10) 2: Виды обучающего материала  | New version: 328
[Compare] -> 11) 1: Возьми стресс под контроль!  | Old version: 2697
[Compare] -> 11) 2: Возьми стресс под контроль!  | New version: 2697
[Compare] -> 12) 1: Диалоговый тренажер «Стандарты взаимодействия с Клиентом»  | Old version: 705
[Compare] -> 12) 2: Диалоговый тренажер «Стандарты взаимодействия с Клиентом»  | New version: 705
[Compare] -> 13) 1: Диалоговый тренажер «Стандарты взаимодействия с Клиентом»  | Old version: 2428
[Compare] -> 13) 2: Диалоговый тренажер «Стандарты взаимодействия с Клиентом»  | New version: 2428
[Compare] -> 14) 1: ЕРКЦ игры  | Old version: 2662
[Compare] -> 14) 2: ЕРКЦ игры  | New version: 2662
[Compare] -> 15) 1: ЗРВСП Комплексная программа  | Old version: 998
[Compare] -> 15) 2: ЗРВСП Комплексная программа  | New version: 998
[Compare] -> 16) 1: Информирование персонала об угрозе фишинга  | Old version: 169
[Compare] -> 16) 2: Информирование персонала об угрозе фишинга  | New version: 169
[Compare] -> 17) 1: Кадровый резерв Комплексная программа  | Old version: 716
[Compare] -> 17) 2: Кадровый резерв Комплексная программа  | New version: 716
[Compare] -> 18) 1: Кадровый резерв Комплексная программа (Пересборка)  | Old version: 2314
[Compare] -> 18) 2: Кадровый резерв Комплексная программа (Пересборка)  | New version: 2314
[Compare] -> 19) 1: Кибербезопасность  | Old version: 1746
[Compare] -> 19) 2: Кибербезопасность  | New version: 1746
[Compare] -> 20) 1: Клиентский менеджер ММБ  | Old version: 2630
[Compare] -> 20) 2: Клиентский менеджер ММБ  | New version: 2630
[Compare] -> 21) 1: КОММУНИКАЦИИ С КЛИЕНТАМИ: методология тональности письменных коммуникаций для Единой Службы Заботы о Клиентах  | Old version: 1623
[Compare] -> 21) 2: КОММУНИКАЦИИ С КЛИЕНТАМИ: методология тональности письменных коммуникаций для Единой Службы Заботы о Клиентах  | New version: 1623
[Compare] -> 22) 1: Комплексная программа для Консультантов ПФР  | Old version: 1801
[Compare] -> 22) 2: Комплексная программа для Консультантов ПФР  | New version: 1801
[Compare] -> 23) 1: Комплексная программа для СПП  | Old version: 2691
[Compare] -> 23) 2: Комплексная программа для СПП  | New version: 2691
[Compare] -> 24) 1: Комплексная программа обучения КМ Сбербанк Премьер 2.0  | Old version: 2642
[Compare] -> 24) 2: Комплексная программа обучения КМ Сбербанк Премьер 2.0  | New version: 2642
[Compare] -> 25) 1: Комплексная программа обучения МИК v3  | Old version: 2639
[Compare] -> 25) 2: Комплексная программа обучения МИК v3  | New version: 2639
[Compare] -> 26) 1: Комплексная программа обучения МИК. Неделя 1  | Old version: 929
[Compare] -> 26) 2: Комплексная программа обучения МИК. Неделя 1  | New version: 929
[Compare] -> 27) 1: Комплексная программа обучения МИК. Неделя 2  | Old version: 930
[Compare] -> 27) 2: Комплексная программа обучения МИК. Неделя 2  | New version: 930
[Compare] -> 28) 1: Комплексная программа обучения СМО. Модуль 3 2.0  | Old version: 2626
[Compare] -> 28) 2: Комплексная программа обучения СМО. Модуль 3 2.0  | New version: 2626
[Compare] -> 29) 1: Комплексная программа обучения специалистов УРОК ЦЗК  | Old version: 334
[Compare] -> 29) 2: Комплексная программа обучения специалистов УРОК ЦЗК  | New version: 334
[Compare] -> 30) 1: Комплексная программа подготовки менеджера по обслуживанию  | Old version: 2599
[Compare] -> 30) 2: Комплексная программа подготовки менеджера по обслуживанию  | New version: 2599
[Compare] -> 31) 1: Комплексная программа подготовки МИК  | Old version: 1537
[Compare] -> 31) 2: Комплексная программа подготовки МИК  | New version: 1537
[Compare] -> 32) 1: Комплексная программа подготовки МП  | Old version: 609
[Compare] -> 32) 2: Комплексная программа подготовки МП  | New version: 609
[Compare] -> 33) 1: Комплексная программа подготовки сотрудников ЦУРУС ПЦП ЦУСУС  | Old version: 1536
[Compare] -> 33) 2: Комплексная программа подготовки сотрудников ЦУРУС ПЦП ЦУСУС  | New version: 1536
[Compare] -> 34) 1: Комплексная программа подготовки специалистов по прямым продажам  | Old version: 817
[Compare] -> 34) 2: Комплексная программа подготовки специалистов по прямым продажам  | New version: 817
[Compare] -> 35) 1: Комплексная программа подготовки специалистов по прямым продажам  | Old version: 2
[Compare] -> 35) 2: Комплексная программа подготовки специалистов по прямым продажам  | New version: 2
[Compare] -> 36) 1: Комплексная программа руководителей канала Эквайринг  | Old version: 2066
[Compare] -> 36) 2: Комплексная программа руководителей канала Эквайринг  | New version: 2066
[Compare] -> 37) 1: Комплексная программа Сбербанк Премьер  | Old version: 1784
[Compare] -> 37) 2: Комплексная программа Сбербанк Премьер  | New version: 1784
[Compare] -> 38) 1: Комплексная программа СМО Модуль 3  | Old version: 2689
[Compare] -> 38) 2: Комплексная программа СМО Модуль 3  | New version: 2689
[Compare] -> 39) 1: Комплексная программа специалиста ЕРКЦ  | Old version: 2695
[Compare] -> 39) 2: Комплексная программа специалиста ЕРКЦ  | New version: 2695
[Compare] -> 40) 1: Контроль кассовой деятельности  | Old version: 1529
[Compare] -> 40) 2: Контроль кассовой деятельности  | New version: 1529
[Compare] -> 41) 1: Курс бондиана  | Old version: 1547
[Compare] -> 41) 2: Курс бондиана  | New version: 1547
[Compare] -> 42) 1: Курс для клиентских менеджеров ММБ  | Old version: 2647
[Compare] -> 42) 2: Курс для клиентских менеджеров ММБ  | New version: 2647
[Compare] -> 43) 1: Курс для МЗП Ликвидация финансовой безграмотности  | Old version: 1013
[Compare] -> 43) 2: Курс для МЗП Ликвидация финансовой безграмотности  | New version: 1013
[Compare] -> 44) 1: Курс для партнеров ДомКлик  | Old version: 1775
[Compare] -> 44) 2: Курс для партнеров ДомКлик  | New version: 1775
[Compare] -> 45) 1: Курс для сотрудников ЕРКЦ  | Old version: 952
[Compare] -> 45) 2: Курс для сотрудников ЕРКЦ  | New version: 952
[Compare] -> 46) 1: Курс для сотрудников ЕРКЦ по навыку Premier  | Old version: 1541
[Compare] -> 46) 2: Курс для сотрудников ЕРКЦ по навыку Premier  | New version: 1541
[Compare] -> 47) 1: Курс для сотрудников Контактного центра по навыку Block  | Old version: 2451
[Compare] -> 47) 2: Курс для сотрудников Контактного центра по навыку Block  | New version: 2451
[Compare] -> 48) 1: Курс для сотрудников Контактного центра по навыку English  | Old version: 1218
[Compare] -> 48) 2: Курс для сотрудников Контактного центра по навыку English  | New version: 1218
[Compare] -> 49) 1: Курс для сотрудников Контактного центра по навыку Expert  | Old version: 1217
[Compare] -> 49) 2: Курс для сотрудников Контактного центра по навыку Expert  | New version: 1217
[Compare] -> 50) 1: Курс для сотрудников Контактного центра по навыку Help  | Old version: 1214
[Compare] -> 50) 2: Курс для сотрудников Контактного центра по навыку Help  | New version: 1214
[Compare] -> 51) 1: Курс обучения по продуктам УКО для Менеджеров по продажам  | Old version: 1542
[Compare] -> 51) 2: Курс обучения по продуктам УКО для Менеджеров по продажам  | New version: 1542
[Compare] -> 52) 1: Курс-кейс по письменным коммуникациям. Уровень 1  | Old version: 801
[Compare] -> 52) 2: Курс-кейс по письменным коммуникациям. Уровень 1  | New version: 801
[Compare] -> 53) 1: Курс-кейс по письменным коммуникациям. Уровень 2  | Old version: 802
[Compare] -> 53) 2: Курс-кейс по письменным коммуникациям. Уровень 2  | New version: 802
[Compare] -> 54) 1: Мастерская руководителя ЕСЗК. Кадровый резерв  | Old version: 1976
[Compare] -> 54) 2: Мастерская руководителя ЕСЗК. Кадровый резерв  | New version: 1976
[Compare] -> 55) 1: Менеджер по продажам  | Old version: 1543
[Compare] -> 55) 2: Менеджер по продажам  | New version: 1543
[Compare] -> 56) 1: Менеджер по продажам 3.0  | Old version: 2670
[Compare] -> 56) 2: Менеджер по продажам 3.0  | New version: 2670
[Compare] -> 57) 1: Облигации на брокерском счете  | Old version: 2553
[Compare] -> 57) 2: Облигации на брокерском счете  | New version: 2553
[Compare] -> 58) 1: Обучение Консультантов Лин-лабораторий  | Old version: 180
[Compare] -> 58) 2: Обучение Консультантов Лин-лабораторий  | New version: 180
[Compare] -> 59) 1: ОМ Сбербанк первый  | Old version: 1772
[Compare] -> 59) 2: ОМ Сбербанк первый  | New version: 1772
[Compare] -> 60) 1: Основной курс для Видеорелизов  | Old version: 2698
[Compare] -> 60) 2: Основной курс для Видеорелизов  | New version: 2698
[Compare] -> 61) 1: Платежные сервисы ПАО Сбербанка  | Old version: 1204
[Compare] -> 61) 2: Платежные сервисы ПАО Сбербанка  | New version: 1204
[Compare] -> 62) 1: Программа обучения функционалу устройств самообслуживания  | Old version: 182
[Compare] -> 62) 2: Программа обучения функционалу устройств самообслуживания  | New version: 182
[Compare] -> 63) 1: Продукт «Автокредитование»  | Old version: 2217
[Compare] -> 63) 2: Продукт «Автокредитование»  | New version: 2217
[Compare] -> 64) 1: Риск-менеджмент для сотрудников Розничной сети  | Old version: 1544
[Compare] -> 64) 2: Риск-менеджмент для сотрудников Розничной сети  | New version: 1544
[Compare] -> 65) 1: Рынок Банковских Карт  | Old version: 2679
[Compare] -> 65) 2: Рынок Банковских Карт  | New version: 2679
[Compare] -> 66) 1: СБ СОТК  | Old version: 2347
[Compare] -> 66) 2: СБ СОТК  | New version: 2347
[Compare] -> 67) 1: Симулятор для кандидатов на позицию консультанта ВСП  | Old version: 303
[Compare] -> 67) 2: Симулятор для кандидатов на позицию консультанта ВСП  | New version: 303
[Compare] -> 68) 1: Стандарт проведения служебных расследований  | Old version: 954
[Compare] -> 68) 2: Стандарт проведения служебных расследований  | New version: 954
[Compare] -> 69) 1: Тест achievements  | Old version: 94
[Compare] -> 69) 2: Тест achievements  | New version: 94
[Compare] -> 70) 1: Тест Бирюзовая лига (мини-игры)  | Old version: 2146
[Compare] -> 70) 2: Тест Бирюзовая лига (мини-игры)  | New version: 2146
[Compare] -> 71) 1: Тестовый курс e2b_demo_1  | Old version: 160
[Compare] -> 71) 2: Тестовый курс e2b_demo_1  | New version: 160
[Compare] -> 72) 1: Тестовый курс e2b_demo_1  | Old version: 606
[Compare] -> 72) 2: Тестовый курс e2b_demo_1  | New version: 606
[Compare] -> 73) 1: Чат с Клиентом  | Old version: 1879
[Compare] -> 73) 2: Чат с Клиентом  | New version: 1879
[Save Data] -> Start
[Save Data] -> Done
No Updates
All Complete
Hangup
